<?xml version="1.0" encoding="UTF-8"?>
<testsuite xmlns:xsi="http://www.w3.org/2001/XMLSchema-instance" xsi:noNamespaceSchemaLocation="https://maven.apache.org/surefire/maven-surefire-plugin/xsd/surefire-test-report.xsd" name="org.apache.hadoop.hive.cli.TestCliDriver" time="33.598" tests="3" errors="0" skipped="0" failures="0">
  <properties>
    <property name="build.test.dir" value="/home/jenkins/ptest-workdir/data/users/hivetests-jenkins/trunk-jenkins@192.168.1.221-0/itests/qtest/target/tmp"/>
    <property name="awt.toolkit" value="sun.awt.X11.XToolkit"/>
    <property name="test.tmp.dir.uri" value="file:///home/jenkins/ptest-workdir/data/users/hivetests-jenkins/trunk-jenkins@192.168.1.221-0/itests/qtest/target/tmp"/>
    <property name="file.encoding.pkg" value="sun.io"/>
    <property name="java.specification.version" value="1.8"/>
    <property name="log4j.configurationFile" value="file:///home/jenkins/ptest-workdir/data/users/hivetests-jenkins/trunk-jenkins@192.168.1.221-0/itests/qtest/target/testconf/hive-log4j2.properties"/>
    <property name="qfile" value="authorization_9.q,authorization_show_grant.q"/>
    <property name="sun.cpu.isalist" value=""/>
    <property name="test.warehouse.dir" value="pfile:///home/jenkins/ptest-workdir/data/users/hivetests-jenkins/trunk-jenkins@192.168.1.221-0/itests/qtest/target/warehouse"/>
    <property name="sun.jnu.encoding" value="UTF-8"/>
    <property name="java.class.path" value="/home/jenkins/ptest-workdir/data/users/hivetests-jenkins/trunk-jenkins@192.168.1.221-0/itests/qtest/target/test-classes:/home/jenkins/ptest-workdir/data/users/hivetests-jenkins/trunk-jenkins@192.168.1.221-0/itests/qtest/target/classes:/home/jenkins/ptest-workdir/.m2/hiverepository/org/apache/hive/hive-common/4.0.0-SNAPSHOT/hive-common-4.0.0-SNAPSHOT.jar:/home/jenkins/ptest-workdir/.m2/hiverepository/org/apache/hive/hive-classification/4.0.0-SNAPSHOT/hive-classification-4.0.0-SNAPSHOT.jar:/home/jenkins/ptest-workdir/.m2/hiverepository/org/apache/hive/hive-shims/4.0.0-SNAPSHOT/hive-shims-4.0.0-SNAPSHOT.jar:/home/jenkins/ptest-workdir/.m2/hiverepository/org/apache/hive/shims/hive-shims-common/4.0.0-SNAPSHOT/hive-shims-common-4.0.0-SNAPSHOT.jar:/home/jenkins/ptest-workdir/.m2/hiverepository/org/apache/hive/shims/hive-shims-0.23/4.0.0-SNAPSHOT/hive-shims-0.23-4.0.0-SNAPSHOT.jar:/home/jenkins/ptest-workdir/.m2/hiverepository/org/apache/hive/shims/hive-shims-scheduler/4.0.0-SNAPSHOT/hive-shims-scheduler-4.0.0-SNAPSHOT.jar:/home/jenkins/ptest-workdir/.m2/hiverepository/org/apache/hive/hive-storage-api/2.7.0-SNAPSHOT/hive-storage-api-2.7.0-SNAPSHOT.jar:/home/jenkins/ptest-workdir/.m2/hiverepository/commons-cli/commons-cli/1.2/commons-cli-1.2.jar:/home/jenkins/ptest-workdir/.m2/hiverepository/org/apache/commons/commons-lang3/3.9/commons-lang3-3.9.jar:/home/jenkins/ptest-workdir/.m2/hiverepository/org/apache/orc/orc-core/1.5.9/orc-core-1.5.9.jar:/home/jenkins/ptest-workdir/.m2/hiverepository/org/apache/orc/orc-shims/1.5.9/orc-shims-1.5.9.jar:/home/jenkins/ptest-workdir/.m2/hiverepository/io/airlift/aircompressor/0.10/aircompressor-0.10.jar:/home/jenkins/ptest-workdir/.m2/hiverepository/org/threeten/threeten-extra/1.5.0/threeten-extra-1.5.0.jar:/home/jenkins/ptest-workdir/.m2/hiverepository/jline/jline/2.14.6/jline-2.14.6.jar:/home/jenkins/ptest-workdir/.m2/hiverepository/javax/servlet/javax.servlet-api/3.1.0/javax.servlet-api-3.1.0.jar:/home/jenkins/ptest-workdir/.m2/hiverepository/org/eclipse/jetty/jetty-http/9.3.27.v20190418/jetty-http-9.3.27.v20190418.jar:/home/jenkins/ptest-workdir/.m2/hiverepository/org/eclipse/jetty/jetty-rewrite/9.3.27.v20190418/jetty-rewrite-9.3.27.v20190418.jar:/home/jenkins/ptest-workdir/.m2/hiverepository/org/eclipse/jetty/jetty-client/9.3.27.v20190418/jetty-client-9.3.27.v20190418.jar:/home/jenkins/ptest-workdir/.m2/hiverepository/org/eclipse/jetty/jetty-server/9.3.27.v20190418/jetty-server-9.3.27.v20190418.jar:/home/jenkins/ptest-workdir/.m2/hiverepository/org/eclipse/jetty/jetty-io/9.3.27.v20190418/jetty-io-9.3.27.v20190418.jar:/home/jenkins/ptest-workdir/.m2/hiverepository/org/eclipse/jetty/jetty-servlet/9.3.27.v20190418/jetty-servlet-9.3.27.v20190418.jar:/home/jenkins/ptest-workdir/.m2/hiverepository/org/eclipse/jetty/jetty-webapp/9.3.27.v20190418/jetty-webapp-9.3.27.v20190418.jar:/home/jenkins/ptest-workdir/.m2/hiverepository/org/eclipse/jetty/jetty-xml/9.3.27.v20190418/jetty-xml-9.3.27.v20190418.jar:/home/jenkins/ptest-workdir/.m2/hiverepository/joda-time/joda-time/2.9.9/joda-time-2.9.9.jar:/home/jenkins/ptest-workdir/.m2/hiverepository/org/apache/logging/log4j/log4j-1.2-api/2.12.1/log4j-1.2-api-2.12.1.jar:/home/jenkins/ptest-workdir/.m2/hiverepository/org/apache/logging/log4j/log4j-web/2.12.1/log4j-web-2.12.1.jar:/home/jenkins/ptest-workdir/.m2/hiverepository/org/apache/logging/log4j/log4j-slf4j-impl/2.12.1/log4j-slf4j-impl-2.12.1.jar:/home/jenkins/ptest-workdir/.m2/hiverepository/org/apache/commons/commons-compress/1.19/commons-compress-1.19.jar:/home/jenkins/ptest-workdir/.m2/hiverepository/org/apache/ant/ant/1.9.1/ant-1.9.1.jar:/home/jenkins/ptest-workdir/.m2/hiverepository/org/apache/ant/ant-launcher/1.9.1/ant-launcher-1.9.1.jar:/home/jenkins/ptest-workdir/.m2/hiverepository/net/sf/jpam/jpam/1.1/jpam-1.1.jar:/home/jenkins/ptest-workdir/.m2/hiverepository/com/tdunning/json/1.8/json-1.8.jar:/home/jenkins/ptest-workdir/.m2/hiverepository/io/dropwizard/metrics/metrics-core/3.1.0/metrics-core-3.1.0.jar:/home/jenkins/ptest-workdir/.m2/hiverepository/io/dropwizard/metrics/metrics-jvm/3.1.0/metrics-jvm-3.1.0.jar:/home/jenkins/ptest-workdir/.m2/hiverepository/io/dropwizard/metrics/metrics-json/3.1.0/metrics-json-3.1.0.jar:/home/jenkins/ptest-workdir/.m2/hiverepository/com/fasterxml/jackson/core/jackson-databind/2.9.9/jackson-databind-2.9.9.jar:/home/jenkins/ptest-workdir/.m2/hiverepository/com/github/joshelser/dropwizard-metrics-hadoop-metrics2-reporter/0.1.2/dropwizard-metrics-hadoop-metrics2-reporter-0.1.2.jar:/home/jenkins/ptest-workdir/.m2/hiverepository/javolution/javolution/5.5.1/javolution-5.5.1.jar:/home/jenkins/ptest-workdir/.m2/hiverepository/org/apache/hive/hive-contrib/4.0.0-SNAPSHOT/hive-contrib-4.0.0-SNAPSHOT.jar:/home/jenkins/ptest-workdir/.m2/hiverepository/commons-codec/commons-codec/1.7/commons-codec-1.7.jar:/home/jenkins/ptest-workdir/.m2/hiverepository/org/apache/hive/hive-standalone-metastore-common/4.0.0-SNAPSHOT/hive-standalone-metastore-common-4.0.0-SNAPSHOT.jar:/home/jenkins/ptest-workdir/.m2/hiverepository/com/google/guava/guava/19.0/guava-19.0.jar:/home/jenkins/ptest-workdir/.m2/hiverepository/com/google/protobuf/protobuf-java/2.5.0/protobuf-java-2.5.0.jar:/home/jenkins/ptest-workdir/.m2/hiverepository/com/jolbox/bonecp/0.8.0.RELEASE/bonecp-0.8.0.RELEASE.jar:/home/jenkins/ptest-workdir/.m2/hiverepository/com/zaxxer/HikariCP/2.6.1/HikariCP-2.6.1.jar:/home/jenkins/ptest-workdir/.m2/hiverepository/commons-dbcp/commons-dbcp/1.4/commons-dbcp-1.4.jar:/home/jenkins/ptest-workdir/.m2/hiverepository/commons-pool/commons-pool/1.5.4/commons-pool-1.5.4.jar:/home/jenkins/ptest-workdir/.m2/hiverepository/org/antlr/antlr-runtime/3.5.2/antlr-runtime-3.5.2.jar:/home/jenkins/ptest-workdir/.m2/hiverepository/org/antlr/ST4/4.0.4/ST4-4.0.4.jar:/home/jenkins/ptest-workdir/.m2/hiverepository/org/apache/derby/derby/10.14.1.0/derby-10.14.1.0.jar:/home/jenkins/ptest-workdir/.m2/hiverepository/org/apache/logging/log4j/log4j-core/2.12.1/log4j-core-2.12.1.jar:/home/jenkins/ptest-workdir/.m2/hiverepository/org/apache/thrift/libfb303/0.9.3/libfb303-0.9.3.jar:/home/jenkins/ptest-workdir/.m2/hiverepository/org/apache/thrift/libthrift/0.9.3-1/libthrift-0.9.3-1.jar:/home/jenkins/ptest-workdir/.m2/hiverepository/org/apache/httpcomponents/httpcore/4.4.10/httpcore-4.4.10.jar:/home/jenkins/ptest-workdir/.m2/hiverepository/commons-logging/commons-logging/1.1.3/commons-logging-1.1.3.jar:/home/jenkins/ptest-workdir/.m2/hiverepository/org/apache/zookeeper/zookeeper/3.5.5/zookeeper-3.5.5.jar:/home/jenkins/ptest-workdir/.m2/hiverepository/org/apache/zookeeper/zookeeper-jute/3.5.5/zookeeper-jute-3.5.5.jar:/home/jenkins/ptest-workdir/.m2/hiverepository/org/apache/curator/curator-recipes/4.2.0/curator-recipes-4.2.0.jar:/home/jenkins/ptest-workdir/.m2/hiverepository/org/apache/curator/curator-framework/4.2.0/curator-framework-4.2.0.jar:/home/jenkins/ptest-workdir/.m2/hiverepository/org/apache/hive/hive-standalone-metastore-common/4.0.0-SNAPSHOT/hive-standalone-metastore-common-4.0.0-SNAPSHOT-tests.jar:/home/jenkins/ptest-workdir/.m2/hiverepository/org/apache/hive/hive-standalone-metastore-server/4.0.0-SNAPSHOT/hive-standalone-metastore-server-4.0.0-SNAPSHOT.jar:/home/jenkins/ptest-workdir/.m2/hiverepository/org/datanucleus/datanucleus-api-jdo/4.2.4/datanucleus-api-jdo-4.2.4.jar:/home/jenkins/ptest-workdir/.m2/hiverepository/org/datanucleus/datanucleus-core/4.1.17/datanucleus-core-4.1.17.jar:/home/jenkins/ptest-workdir/.m2/hiverepository/org/datanucleus/datanucleus-rdbms/4.1.19/datanucleus-rdbms-4.1.19.jar:/home/jenkins/ptest-workdir/.m2/hiverepository/org/datanucleus/javax.jdo/3.2.0-m3/javax.jdo-3.2.0-m3.jar:/home/jenkins/ptest-workdir/.m2/hiverepository/javax/transaction/transaction-api/1.1/transaction-api-1.1.jar:/home/jenkins/ptest-workdir/.m2/hiverepository/sqlline/sqlline/1.9.0/sqlline-1.9.0.jar:/home/jenkins/ptest-workdir/.m2/hiverepository/org/jline/jline-terminal/3.12.1/jline-terminal-3.12.1.jar:/home/jenkins/ptest-workdir/.m2/hiverepository/org/jline/jline-reader/3.12.1/jline-reader-3.12.1.jar:/home/jenkins/ptest-workdir/.m2/hiverepository/org/jline/jline-terminal-jansi/3.12.1/jline-terminal-jansi-3.12.1.jar:/home/jenkins/ptest-workdir/.m2/hiverepository/org/fusesource/jansi/jansi/1.18/jansi-1.18.jar:/home/jenkins/ptest-workdir/.m2/hiverepository/org/jline/jline-terminal-jna/3.12.1/jline-terminal-jna-3.12.1.jar:/home/jenkins/ptest-workdir/.m2/hiverepository/net/java/dev/jna/jna/5.3.1/jna-5.3.1.jar:/home/jenkins/ptest-workdir/.m2/hiverepository/org/jline/jline-builtins/3.12.1/jline-builtins-3.12.1.jar:/home/jenkins/ptest-workdir/.m2/hiverepository/org/jline/jline-style/3.12.1/jline-style-3.12.1.jar:/home/jenkins/ptest-workdir/.m2/hiverepository/com/cronutils/cron-utils/8.1.1/cron-utils-8.1.1.jar:/home/jenkins/ptest-workdir/.m2/hiverepository/org/apache/hive/hive-standalone-metastore-server/4.0.0-SNAPSHOT/hive-standalone-metastore-server-4.0.0-SNAPSHOT-tests.jar:/home/jenkins/ptest-workdir/.m2/hiverepository/org/apache/hive/hive-it-custom-serde/4.0.0-SNAPSHOT/hive-it-custom-serde-4.0.0-SNAPSHOT.jar:/home/jenkins/ptest-workdir/.m2/hiverepository/org/apache/hive/hive-it-unit/4.0.0-SNAPSHOT/hive-it-unit-4.0.0-SNAPSHOT-tests.jar:/home/jenkins/ptest-workdir/.m2/hiverepository/org/apache/hive/hive-jdbc/4.0.0-SNAPSHOT/hive-jdbc-4.0.0-SNAPSHOT.jar:/home/jenkins/ptest-workdir/.m2/hiverepository/org/apache/hive/hive-service/4.0.0-SNAPSHOT/hive-service-4.0.0-SNAPSHOT.jar:/home/jenkins/ptest-workdir/.m2/hiverepository/javax/servlet/jsp/javax.servlet.jsp-api/2.3.1/javax.servlet.jsp-api-2.3.1.jar:/home/jenkins/ptest-workdir/.m2/hiverepository/org/eclipse/jetty/jetty-runner/9.3.27.v20190418/jetty-runner-9.3.27.v20190418.jar:/home/jenkins/ptest-workdir/.m2/hiverepository/org/eclipse/jetty/jetty-plus/9.3.27.v20190418/jetty-plus-9.3.27.v20190418.jar:/home/jenkins/ptest-workdir/.m2/hiverepository/org/eclipse/jetty/jetty-annotations/9.3.27.v20190418/jetty-annotations-9.3.27.v20190418.jar:/home/jenkins/ptest-workdir/.m2/hiverepository/org/eclipse/jetty/jetty-jaas/9.3.27.v20190418/jetty-jaas-9.3.27.v20190418.jar:/home/jenkins/ptest-workdir/.m2/hiverepository/org/eclipse/jetty/websocket/websocket-server/9.3.27.v20190418/websocket-server-9.3.27.v20190418.jar:/home/jenkins/ptest-workdir/.m2/hiverepository/org/eclipse/jetty/websocket/websocket-common/9.3.27.v20190418/websocket-common-9.3.27.v20190418.jar:/home/jenkins/ptest-workdir/.m2/hiverepository/org/eclipse/jetty/websocket/websocket-api/9.3.27.v20190418/websocket-api-9.3.27.v20190418.jar:/home/jenkins/ptest-workdir/.m2/hiverepository/org/eclipse/jetty/websocket/websocket-client/9.3.27.v20190418/websocket-client-9.3.27.v20190418.jar:/home/jenkins/ptest-workdir/.m2/hiverepository/org/eclipse/jetty/websocket/websocket-servlet/9.3.27.v20190418/websocket-servlet-9.3.27.v20190418.jar:/home/jenkins/ptest-workdir/.m2/hiverepository/org/eclipse/jetty/jetty-jndi/9.3.27.v20190418/jetty-jndi-9.3.27.v20190418.jar:/home/jenkins/ptest-workdir/.m2/hiverepository/org/eclipse/jetty/apache-jsp/9.3.27.v20190418/apache-jsp-9.3.27.v20190418.jar:/home/jenkins/ptest-workdir/.m2/hiverepository/org/eclipse/jetty/toolchain/jetty-schemas/3.1/jetty-schemas-3.1.jar:/home/jenkins/ptest-workdir/.m2/hiverepository/org/eclipse/jdt/core/compiler/ecj/4.4.2/ecj-4.4.2.jar:/home/jenkins/ptest-workdir/.m2/hiverepository/org/eclipse/jetty/apache-jstl/9.3.27.v20190418/apache-jstl-9.3.27.v20190418.jar:/home/jenkins/ptest-workdir/.m2/hiverepository/org/apache/taglibs/taglibs-standard-spec/1.2.5/taglibs-standard-spec-1.2.5.jar:/home/jenkins/ptest-workdir/.m2/hiverepository/org/apache/taglibs/taglibs-standard-impl/1.2.5/taglibs-standard-impl-1.2.5.jar:/home/jenkins/ptest-workdir/.m2/hiverepository/org/apache/hive/hive-llap-ext-client/4.0.0-SNAPSHOT/hive-llap-ext-client-4.0.0-SNAPSHOT.jar:/home/jenkins/ptest-workdir/.m2/hiverepository/org/apache/hive/hcatalog/hive-hcatalog-core/4.0.0-SNAPSHOT/hive-hcatalog-core-4.0.0-SNAPSHOT.jar:/home/jenkins/ptest-workdir/.m2/hiverepository/org/apache/hive/hcatalog/hive-hcatalog-streaming/4.0.0-SNAPSHOT/hive-hcatalog-streaming-4.0.0-SNAPSHOT.jar:/home/jenkins/ptest-workdir/.m2/hiverepository/org/apache/hive/hive-streaming/4.0.0-SNAPSHOT/hive-streaming-4.0.0-SNAPSHOT.jar:/home/jenkins/ptest-workdir/.m2/hiverepository/org/apache/hive/hcatalog/hive-hcatalog-server-extensions/4.0.0-SNAPSHOT/hive-hcatalog-server-extensions-4.0.0-SNAPSHOT.jar:/home/jenkins/ptest-workdir/.m2/hiverepository/jakarta/jms/jakarta.jms-api/2.0.2/jakarta.jms-api-2.0.2.jar:/home/jenkins/ptest-workdir/.m2/hiverepository/org/apache/hive/hcatalog/hive-webhcat-java-client/4.0.0-SNAPSHOT/hive-webhcat-java-client-4.0.0-SNAPSHOT.jar:/home/jenkins/ptest-workdir/.m2/hiverepository/org/apache/hive/hive-service/4.0.0-SNAPSHOT/hive-service-4.0.0-SNAPSHOT-tests.jar:/home/jenkins/ptest-workdir/.m2/hiverepository/org/apache/hive/hive-it-util/4.0.0-SNAPSHOT/hive-it-util-4.0.0-SNAPSHOT.jar:/home/jenkins/ptest-workdir/.m2/hiverepository/org/apache/accumulo/accumulo-minicluster/1.7.3/accumulo-minicluster-1.7.3.jar:/home/jenkins/ptest-workdir/.m2/hiverepository/com/beust/jcommander/1.32/jcommander-1.32.jar:/home/jenkins/ptest-workdir/.m2/hiverepository/commons-configuration/commons-configuration/1.6/commons-configuration-1.6.jar:/home/jenkins/ptest-workdir/.m2/hiverepository/commons-digester/commons-digester/1.8/commons-digester-1.8.jar:/home/jenkins/ptest-workdir/.m2/hiverepository/org/apache/accumulo/accumulo-core/1.7.3/accumulo-core-1.7.3.jar:/home/jenkins/ptest-workdir/.m2/hiverepository/org/apache/commons/commons-math/2.1/commons-math-2.1.jar:/home/jenkins/ptest-workdir/.m2/hiverepository/org/apache/accumulo/accumulo-gc/1.7.3/accumulo-gc-1.7.3.jar:/home/jenkins/ptest-workdir/.m2/hiverepository/org/apache/accumulo/accumulo-master/1.7.3/accumulo-master-1.7.3.jar:/home/jenkins/ptest-workdir/.m2/hiverepository/org/apache/accumulo/accumulo-monitor/1.7.3/accumulo-monitor-1.7.3.jar:/home/jenkins/ptest-workdir/.m2/hiverepository/org/apache/accumulo/accumulo-shell/1.7.3/accumulo-shell-1.7.3.jar:/home/jenkins/ptest-workdir/.m2/hiverepository/org/apache/accumulo/accumulo-server-base/1.7.3/accumulo-server-base-1.7.3.jar:/home/jenkins/ptest-workdir/.m2/hiverepository/org/apache/accumulo/accumulo-start/1.7.3/accumulo-start-1.7.3.jar:/home/jenkins/ptest-workdir/.m2/hiverepository/org/apache/accumulo/accumulo-tracer/1.7.3/accumulo-tracer-1.7.3.jar:/home/jenkins/ptest-workdir/.m2/hiverepository/org/apache/accumulo/accumulo-tserver/1.7.3/accumulo-tserver-1.7.3.jar:/home/jenkins/ptest-workdir/.m2/hiverepository/org/apache/commons/commons-vfs2/2.1/commons-vfs2-2.1.jar:/home/jenkins/ptest-workdir/.m2/hiverepository/org/apache/hadoop/hadoop-minicluster/3.1.0/hadoop-minicluster-3.1.0.jar:/home/jenkins/ptest-workdir/.m2/hiverepository/org/apache/hive/hive-accumulo-handler/4.0.0-SNAPSHOT/hive-accumulo-handler-4.0.0-SNAPSHOT.jar:/home/jenkins/ptest-workdir/.m2/hiverepository/org/apache/accumulo/accumulo-fate/1.7.3/accumulo-fate-1.7.3.jar:/home/jenkins/ptest-workdir/.m2/hiverepository/org/apache/accumulo/accumulo-trace/1.7.3/accumulo-trace-1.7.3.jar:/home/jenkins/ptest-workdir/.m2/hiverepository/org/apache/hive/hive-udf/4.0.0-SNAPSHOT/hive-udf-4.0.0-SNAPSHOT.jar:/home/jenkins/ptest-workdir/.m2/hiverepository/org/apache/hive/hive-accumulo-handler/4.0.0-SNAPSHOT/hive-accumulo-handler-4.0.0-SNAPSHOT-tests.jar:/home/jenkins/ptest-workdir/.m2/hiverepository/org/apache/hive/hive-cli/4.0.0-SNAPSHOT/hive-cli-4.0.0-SNAPSHOT.jar:/home/jenkins/ptest-workdir/.m2/hiverepository/org/apache/hive/hive-beeline/4.0.0-SNAPSHOT/hive-beeline-4.0.0-SNAPSHOT.jar:/home/jenkins/ptest-workdir/.m2/hiverepository/net/sf/supercsv/super-csv/2.2.0/super-csv-2.2.0.jar:/home/jenkins/ptest-workdir/.m2/hiverepository/org/apache/hive/hive-hbase-handler/4.0.0-SNAPSHOT/hive-hbase-handler-4.0.0-SNAPSHOT.jar:/home/jenkins/ptest-workdir/.m2/hiverepository/org/apache/hive/hive-hbase-handler/4.0.0-SNAPSHOT/hive-hbase-handler-4.0.0-SNAPSHOT-tests.jar:/home/jenkins/ptest-workdir/.m2/hiverepository/org/apache/hive/hive-kudu-handler/4.0.0-SNAPSHOT/hive-kudu-handler-4.0.0-SNAPSHOT.jar:/home/jenkins/ptest-workdir/.m2/hiverepository/org/apache/kudu/kudu-client/1.10.0/kudu-client-1.10.0.jar:/home/jenkins/ptest-workdir/.m2/hiverepository/com/stumbleupon/async/1.4.1/async-1.4.1.jar:/home/jenkins/ptest-workdir/.m2/hiverepository/org/apache/hive/hive-kudu-handler/4.0.0-SNAPSHOT/hive-kudu-handler-4.0.0-SNAPSHOT-tests.jar:/home/jenkins/ptest-workdir/.m2/hiverepository/org/apache/hive/hive-metastore/4.0.0-SNAPSHOT/hive-metastore-4.0.0-SNAPSHOT.jar:/home/jenkins/ptest-workdir/.m2/hiverepository/co/cask/tephra/tephra-api/0.6.0/tephra-api-0.6.0.jar:/home/jenkins/ptest-workdir/.m2/hiverepository/co/cask/tephra/tephra-core/0.6.0/tephra-core-0.6.0.jar:/home/jenkins/ptest-workdir/.m2/hiverepository/com/google/inject/extensions/guice-assistedinject/3.0/guice-assistedinject-3.0.jar:/home/jenkins/ptest-workdir/.m2/hiverepository/org/apache/twill/twill-common/0.6.0-incubating/twill-common-0.6.0-incubating.jar:/home/jenkins/ptest-workdir/.m2/hiverepository/org/apache/twill/twill-core/0.6.0-incubating/twill-core-0.6.0-incubating.jar:/home/jenkins/ptest-workdir/.m2/hiverepository/org/apache/twill/twill-api/0.6.0-incubating/twill-api-0.6.0-incubating.jar:/home/jenkins/ptest-workdir/.m2/hiverepository/org/apache/twill/twill-discovery-api/0.6.0-incubating/twill-discovery-api-0.6.0-incubating.jar:/home/jenkins/ptest-workdir/.m2/hiverepository/org/apache/twill/twill-discovery-core/0.6.0-incubating/twill-discovery-core-0.6.0-incubating.jar:/home/jenkins/ptest-workdir/.m2/hiverepository/org/apache/twill/twill-zookeeper/0.6.0-incubating/twill-zookeeper-0.6.0-incubating.jar:/home/jenkins/ptest-workdir/.m2/hiverepository/co/cask/tephra/tephra-hbase-compat-1.0/0.6.0/tephra-hbase-compat-1.0-0.6.0.jar:/home/jenkins/ptest-workdir/.m2/hiverepository/org/apache/hbase/hbase-client/2.0.0-alpha4/hbase-client-2.0.0-alpha4.jar:/home/jenkins/ptest-workdir/.m2/hiverepository/org/jruby/jcodings/jcodings/1.0.18/jcodings-1.0.18.jar:/home/jenkins/ptest-workdir/.m2/hiverepository/org/jruby/joni/joni/2.1.11/joni-2.1.11.jar:/home/jenkins/ptest-workdir/.m2/hiverepository/org/apache/kudu/kudu-test-utils/1.10.0/kudu-test-utils-1.10.0.jar:/home/jenkins/ptest-workdir/.m2/hiverepository/org/hamcrest/hamcrest/2.1/hamcrest-2.1.jar:/home/jenkins/ptest-workdir/.m2/hiverepository/org/apache/hbase/hbase-mapreduce/2.0.0-alpha4/hbase-mapreduce-2.0.0-alpha4-tests.jar:/home/jenkins/ptest-workdir/.m2/hiverepository/org/apache/hive/hive-serde/4.0.0-SNAPSHOT/hive-serde-4.0.0-SNAPSHOT.jar:/home/jenkins/ptest-workdir/.m2/hiverepository/org/apache/hive/hive-service-rpc/4.0.0-SNAPSHOT/hive-service-rpc-4.0.0-SNAPSHOT.jar:/home/jenkins/ptest-workdir/.m2/hiverepository/com/google/code/findbugs/jsr305/3.0.0/jsr305-3.0.0.jar:/home/jenkins/ptest-workdir/.m2/hiverepository/org/apache/arrow/arrow-vector/0.10.0/arrow-vector-0.10.0.jar:/home/jenkins/ptest-workdir/.m2/hiverepository/org/apache/arrow/arrow-format/0.10.0/arrow-format-0.10.0.jar:/home/jenkins/ptest-workdir/.m2/hiverepository/org/apache/arrow/arrow-memory/0.10.0/arrow-memory-0.10.0.jar:/home/jenkins/ptest-workdir/.m2/hiverepository/com/vlkan/flatbuffers/1.2.0-3f79e055/flatbuffers-1.2.0-3f79e055.jar:/home/jenkins/ptest-workdir/.m2/hiverepository/com/carrotsearch/hppc/0.7.2/hppc-0.7.2.jar:/home/jenkins/ptest-workdir/.m2/hiverepository/com/github/davidmoten/flatbuffers-java/1.6.0.1/flatbuffers-java-1.6.0.1.jar:/home/jenkins/ptest-workdir/.m2/hiverepository/org/apache/avro/avro/1.8.2/avro-1.8.2.jar:/home/jenkins/ptest-workdir/.m2/hiverepository/org/codehaus/jackson/jackson-core-asl/1.9.13/jackson-core-asl-1.9.13.jar:/home/jenkins/ptest-workdir/.m2/hiverepository/org/codehaus/jackson/jackson-mapper-asl/1.9.13/jackson-mapper-asl-1.9.13.jar:/home/jenkins/ptest-workdir/.m2/hiverepository/com/thoughtworks/paranamer/paranamer/2.7/paranamer-2.7.jar:/home/jenkins/ptest-workdir/.m2/hiverepository/org/xerial/snappy/snappy-java/1.1.4/snappy-java-1.1.4.jar:/home/jenkins/ptest-workdir/.m2/hiverepository/org/tukaani/xz/1.5/xz-1.5.jar:/home/jenkins/ptest-workdir/.m2/hiverepository/net/sf/opencsv/opencsv/2.3/opencsv-2.3.jar:/home/jenkins/ptest-workdir/.m2/hiverepository/org/apache/parquet/parquet-hadoop-bundle/1.11.0/parquet-hadoop-bundle-1.11.0.jar:/home/jenkins/ptest-workdir/.m2/hiverepository/org/apache/hive/hive-exec/4.0.0-SNAPSHOT/hive-exec-4.0.0-SNAPSHOT.jar:/home/jenkins/ptest-workdir/.m2/hiverepository/org/apache/hive/hive-vector-code-gen/4.0.0-SNAPSHOT/hive-vector-code-gen-4.0.0-SNAPSHOT.jar:/home/jenkins/ptest-workdir/.m2/hiverepository/org/apache/velocity/velocity/1.5/velocity-1.5.jar:/home/jenkins/ptest-workdir/.m2/hiverepository/oro/oro/2.0.8/oro-2.0.8.jar:/home/jenkins/ptest-workdir/.m2/hiverepository/org/apache/hive/hive-parser/4.0.0-SNAPSHOT/hive-parser-4.0.0-SNAPSHOT.jar:/home/jenkins/ptest-workdir/.m2/hiverepository/org/apache/hive/hive-llap-tez/4.0.0-SNAPSHOT/hive-llap-tez-4.0.0-SNAPSHOT.jar:/home/jenkins/ptest-workdir/.m2/hiverepository/commons-io/commons-io/2.6/commons-io-2.6.jar:/home/jenkins/ptest-workdir/.m2/hiverepository/org/apache/commons/commons-text/1.8/commons-text-1.8.jar:/home/jenkins/ptest-workdir/.m2/hiverepository/org/apache/hadoop/hadoop-aws/3.1.0/hadoop-aws-3.1.0.jar:/home/jenkins/ptest-workdir/.m2/hiverepository/com/amazonaws/aws-java-sdk-bundle/1.11.271/aws-java-sdk-bundle-1.11.271.jar:/home/jenkins/ptest-workdir/.m2/hiverepository/org/apache/ivy/ivy/2.4.0/ivy-2.4.0.jar:/home/jenkins/ptest-workdir/.m2/hiverepository/org/codehaus/groovy/groovy-all/2.4.11/groovy-all-2.4.11.jar:/home/jenkins/ptest-workdir/.m2/hiverepository/com/google/code/gson/gson/2.2.4/gson-2.2.4.jar:/home/jenkins/ptest-workdir/.m2/hiverepository/stax/stax-api/1.0.1/stax-api-1.0.1.jar:/home/jenkins/ptest-workdir/.m2/hiverepository/org/reflections/reflections/0.9.10/reflections-0.9.10.jar:/home/jenkins/ptest-workdir/.m2/hiverepository/org/javassist/javassist/3.19.0-GA/javassist-3.19.0-GA.jar:/home/jenkins/ptest-workdir/.m2/hiverepository/com/jayway/jsonpath/json-path/2.4.0/json-path-2.4.0.jar:/home/jenkins/ptest-workdir/.m2/hiverepository/net/minidev/json-smart/2.3/json-smart-2.3.jar:/home/jenkins/ptest-workdir/.m2/hiverepository/net/minidev/accessors-smart/1.2/accessors-smart-1.2.jar:/home/jenkins/ptest-workdir/.m2/hiverepository/org/codehaus/janino/commons-compiler/3.0.11/commons-compiler-3.0.11.jar:/home/jenkins/ptest-workdir/.m2/hiverepository/org/codehaus/janino/janino/3.0.11/janino-3.0.11.jar:/home/jenkins/ptest-workdir/.m2/hiverepository/org/apache/hadoop/hadoop-yarn-registry/3.1.0/hadoop-yarn-registry-3.1.0.jar:/home/jenkins/ptest-workdir/.m2/hiverepository/org/apache/hadoop/hadoop-auth/3.1.0/hadoop-auth-3.1.0.jar:/home/jenkins/ptest-workdir/.m2/hiverepository/com/nimbusds/nimbus-jose-jwt/4.41.1/nimbus-jose-jwt-4.41.1.jar:/home/jenkins/ptest-workdir/.m2/hiverepository/com/github/stephenc/jcip/jcip-annotations/1.0-1/jcip-annotations-1.0-1.jar:/home/jenkins/ptest-workdir/.m2/hiverepository/org/apache/hadoop/hadoop-annotations/3.1.0/hadoop-annotations-3.1.0.jar:/home/jenkins/ptest-workdir/.m2/hiverepository/org/apache/curator/curator-client/4.2.0/curator-client-4.2.0.jar:/home/jenkins/ptest-workdir/.m2/hiverepository/commons-daemon/commons-daemon/1.0.13/commons-daemon-1.0.13.jar:/home/jenkins/ptest-workdir/.m2/hiverepository/commons-lang/commons-lang/2.6/commons-lang-2.6.jar:/home/jenkins/ptest-workdir/.m2/hiverepository/commons-net/commons-net/3.6/commons-net-3.6.jar:/home/jenkins/ptest-workdir/.m2/hiverepository/com/fasterxml/jackson/core/jackson-annotations/2.9.9/jackson-annotations-2.9.9.jar:/home/jenkins/ptest-workdir/.m2/hiverepository/com/fasterxml/jackson/core/jackson-core/2.9.9/jackson-core-2.9.9.jar:/home/jenkins/ptest-workdir/.m2/hiverepository/dnsjava/dnsjava/2.1.7/dnsjava-2.1.7.jar:/home/jenkins/ptest-workdir/.m2/hiverepository/org/apache/hive/hive-druid-handler/4.0.0-SNAPSHOT/hive-druid-handler-4.0.0-SNAPSHOT.jar:/home/jenkins/ptest-workdir/.m2/hiverepository/com/fasterxml/jackson/dataformat/jackson-dataformat-smile/2.9.9/jackson-dataformat-smile-2.9.9.jar:/home/jenkins/ptest-workdir/.m2/hiverepository/org/apache/hive/hive-druid-handler/4.0.0-SNAPSHOT/hive-druid-handler-4.0.0-SNAPSHOT-tests.jar:/home/jenkins/ptest-workdir/.m2/hiverepository/org/apache/hive/hive-jdbc-handler/4.0.0-SNAPSHOT/hive-jdbc-handler-4.0.0-SNAPSHOT.jar:/home/jenkins/ptest-workdir/.m2/hiverepository/org/apache/commons/commons-dbcp2/2.6.0/commons-dbcp2-2.6.0.jar:/home/jenkins/ptest-workdir/.m2/hiverepository/org/apache/commons/commons-pool2/2.6.1/commons-pool2-2.6.1.jar:/home/jenkins/ptest-workdir/.m2/hiverepository/org/apache/hive/kafka-handler/4.0.0-SNAPSHOT/kafka-handler-4.0.0-SNAPSHOT.jar:/home/jenkins/ptest-workdir/.m2/hiverepository/org/apache/hive/hive-exec/4.0.0-SNAPSHOT/hive-exec-4.0.0-SNAPSHOT-tests.jar:/home/jenkins/ptest-workdir/.m2/hiverepository/junit/junit/4.11/junit-4.11.jar:/home/jenkins/ptest-workdir/.m2/hiverepository/org/hamcrest/hamcrest-core/1.3/hamcrest-core-1.3.jar:/home/jenkins/ptest-workdir/.m2/hiverepository/com/sun/jersey/jersey-servlet/1.19/jersey-servlet-1.19.jar:/home/jenkins/ptest-workdir/.m2/hiverepository/com/sun/jersey/jersey-server/1.19/jersey-server-1.19.jar:/home/jenkins/ptest-workdir/.m2/hiverepository/org/apache/hadoop/hadoop-archives/3.1.0/hadoop-archives-3.1.0.jar:/home/jenkins/ptest-workdir/.m2/hiverepository/org/apache/hadoop/hadoop-common/3.1.0/hadoop-common-3.1.0.jar:/home/jenkins/ptest-workdir/.m2/hiverepository/org/apache/commons/commons-math3/3.1.1/commons-math3-3.1.1.jar:/home/jenkins/ptest-workdir/.m2/hiverepository/org/apache/httpcomponents/httpclient/4.5.6/httpclient-4.5.6.jar:/home/jenkins/ptest-workdir/.m2/hiverepository/commons-collections/commons-collections/3.2.2/commons-collections-3.2.2.jar:/home/jenkins/ptest-workdir/.m2/hiverepository/org/eclipse/jetty/jetty-util/9.3.27.v20190418/jetty-util-9.3.27.v20190418.jar:/home/jenkins/ptest-workdir/.m2/hiverepository/javax/servlet/jsp/jsp-api/2.1/jsp-api-2.1.jar:/home/jenkins/ptest-workdir/.m2/hiverepository/com/sun/jersey/jersey-core/1.19/jersey-core-1.19.jar:/home/jenkins/ptest-workdir/.m2/hiverepository/javax/ws/rs/jsr311-api/1.1.1/jsr311-api-1.1.1.jar:/home/jenkins/ptest-workdir/.m2/hiverepository/com/sun/jersey/jersey-json/1.19/jersey-json-1.19.jar:/home/jenkins/ptest-workdir/.m2/hiverepository/com/sun/xml/bind/jaxb-impl/2.2.3-1/jaxb-impl-2.2.3-1.jar:/home/jenkins/ptest-workdir/.m2/hiverepository/org/codehaus/jackson/jackson-jaxrs/1.9.2/jackson-jaxrs-1.9.2.jar:/home/jenkins/ptest-workdir/.m2/hiverepository/org/codehaus/jackson/jackson-xc/1.9.2/jackson-xc-1.9.2.jar:/home/jenkins/ptest-workdir/.m2/hiverepository/log4j/log4j/1.2.17/log4j-1.2.17.jar:/home/jenkins/ptest-workdir/.m2/hiverepository/commons-beanutils/commons-beanutils/1.9.3/commons-beanutils-1.9.3.jar:/home/jenkins/ptest-workdir/.m2/hiverepository/org/apache/commons/commons-configuration2/2.1.1/commons-configuration2-2.1.1.jar:/home/jenkins/ptest-workdir/.m2/hiverepository/com/google/re2j/re2j/1.2/re2j-1.2.jar:/home/jenkins/ptest-workdir/.m2/hiverepository/com/jcraft/jsch/0.1.54/jsch-0.1.54.jar:/home/jenkins/ptest-workdir/.m2/hiverepository/org/apache/htrace/htrace-core4/4.1.0-incubating/htrace-core4-4.1.0-incubating.jar:/home/jenkins/ptest-workdir/.m2/hiverepository/org/apache/kerby/kerb-simplekdc/1.0.1/kerb-simplekdc-1.0.1.jar:/home/jenkins/ptest-workdir/.m2/hiverepository/org/apache/kerby/kerb-client/1.0.1/kerb-client-1.0.1.jar:/home/jenkins/ptest-workdir/.m2/hiverepository/org/apache/kerby/kerby-config/1.0.1/kerby-config-1.0.1.jar:/home/jenkins/ptest-workdir/.m2/hiverepository/org/apache/kerby/kerb-core/1.0.1/kerb-core-1.0.1.jar:/home/jenkins/ptest-workdir/.m2/hiverepository/org/apache/kerby/kerby-pkix/1.0.1/kerby-pkix-1.0.1.jar:/home/jenkins/ptest-workdir/.m2/hiverepository/org/apache/kerby/kerby-asn1/1.0.1/kerby-asn1-1.0.1.jar:/home/jenkins/ptest-workdir/.m2/hiverepository/org/apache/kerby/kerby-util/1.0.1/kerby-util-1.0.1.jar:/home/jenkins/ptest-workdir/.m2/hiverepository/org/apache/kerby/kerb-common/1.0.1/kerb-common-1.0.1.jar:/home/jenkins/ptest-workdir/.m2/hiverepository/org/apache/kerby/kerb-crypto/1.0.1/kerb-crypto-1.0.1.jar:/home/jenkins/ptest-workdir/.m2/hiverepository/org/apache/kerby/kerb-util/1.0.1/kerb-util-1.0.1.jar:/home/jenkins/ptest-workdir/.m2/hiverepository/org/apache/kerby/token-provider/1.0.1/token-provider-1.0.1.jar:/home/jenkins/ptest-workdir/.m2/hiverepository/org/apache/kerby/kerb-admin/1.0.1/kerb-admin-1.0.1.jar:/home/jenkins/ptest-workdir/.m2/hiverepository/org/apache/kerby/kerb-server/1.0.1/kerb-server-1.0.1.jar:/home/jenkins/ptest-workdir/.m2/hiverepository/org/apache/kerby/kerb-identity/1.0.1/kerb-identity-1.0.1.jar:/home/jenkins/ptest-workdir/.m2/hiverepository/org/apache/kerby/kerby-xdr/1.0.1/kerby-xdr-1.0.1.jar:/home/jenkins/ptest-workdir/.m2/hiverepository/org/codehaus/woodstox/stax2-api/3.1.4/stax2-api-3.1.4.jar:/home/jenkins/ptest-workdir/.m2/hiverepository/com/fasterxml/woodstox/woodstox-core/5.0.3/woodstox-core-5.0.3.jar:/home/jenkins/ptest-workdir/.m2/hiverepository/org/apache/hadoop/hadoop-common/3.1.0/hadoop-common-3.1.0-tests.jar:/home/jenkins/ptest-workdir/.m2/hiverepository/org/apache/hadoop/hadoop-distcp/3.1.0/hadoop-distcp-3.1.0.jar:/home/jenkins/ptest-workdir/.m2/hiverepository/org/apache/hadoop/hadoop-hdfs/3.1.0/hadoop-hdfs-3.1.0-tests.jar:/home/jenkins/ptest-workdir/.m2/hiverepository/org/eclipse/jetty/jetty-util-ajax/9.3.19.v20170502/jetty-util-ajax-9.3.19.v20170502.jar:/home/jenkins/ptest-workdir/.m2/hiverepository/org/fusesource/leveldbjni/leveldbjni-all/1.8/leveldbjni-all-1.8.jar:/home/jenkins/ptest-workdir/.m2/hiverepository/org/apache/hadoop/hadoop-hdfs/3.1.0/hadoop-hdfs-3.1.0.jar:/home/jenkins/ptest-workdir/.m2/hiverepository/io/netty/netty-all/4.0.52.Final/netty-all-4.0.52.Final.jar:/home/jenkins/ptest-workdir/.m2/hiverepository/org/apache/hadoop/hadoop-mapreduce-client-jobclient/3.1.0/hadoop-mapreduce-client-jobclient-3.1.0-tests.jar:/home/jenkins/ptest-workdir/.m2/hiverepository/org/apache/hadoop/hadoop-mapreduce-client-common/3.1.0/hadoop-mapreduce-client-common-3.1.0.jar:/home/jenkins/ptest-workdir/.m2/hiverepository/com/google/inject/extensions/guice-servlet/4.0/guice-servlet-4.0.jar:/home/jenkins/ptest-workdir/.m2/hiverepository/org/apache/hadoop/hadoop-mapreduce-client-hs/3.1.0/hadoop-mapreduce-client-hs-3.1.0.jar:/home/jenkins/ptest-workdir/.m2/hiverepository/org/apache/hadoop/hadoop-hdfs-client/3.1.0/hadoop-hdfs-client-3.1.0.jar:/home/jenkins/ptest-workdir/.m2/hiverepository/com/squareup/okhttp/okhttp/2.7.5/okhttp-2.7.5.jar:/home/jenkins/ptest-workdir/.m2/hiverepository/com/squareup/okio/okio/1.6.0/okio-1.6.0.jar:/home/jenkins/ptest-workdir/.m2/hiverepository/org/apache/hadoop/hadoop-mapreduce-client-app/3.1.0/hadoop-mapreduce-client-app-3.1.0.jar:/home/jenkins/ptest-workdir/.m2/hiverepository/org/apache/hadoop/hadoop-mapreduce-client-shuffle/3.1.0/hadoop-mapreduce-client-shuffle-3.1.0.jar:/home/jenkins/ptest-workdir/.m2/hiverepository/org/apache/hadoop/hadoop-mapreduce-client-core/3.1.0/hadoop-mapreduce-client-core-3.1.0.jar:/home/jenkins/ptest-workdir/.m2/hiverepository/org/slf4j/slf4j-log4j12/1.7.25/slf4j-log4j12-1.7.25.jar:/home/jenkins/ptest-workdir/.m2/hiverepository/org/apache/hive/hive-llap-server/4.0.0-SNAPSHOT/hive-llap-server-4.0.0-SNAPSHOT.jar:/home/jenkins/ptest-workdir/.m2/hiverepository/org/apache/hive/hive-llap-common/4.0.0-SNAPSHOT/hive-llap-common-4.0.0-SNAPSHOT.jar:/home/jenkins/ptest-workdir/.m2/hiverepository/org/apache/hive/hive-llap-client/4.0.0-SNAPSHOT/hive-llap-client-4.0.0-SNAPSHOT.jar:/home/jenkins/ptest-workdir/.m2/hiverepository/org/codehaus/jettison/jettison/1.1/jettison-1.1.jar:/home/jenkins/ptest-workdir/.m2/hiverepository/org/apache/hive/hive-llap-common/4.0.0-SNAPSHOT/hive-llap-common-4.0.0-SNAPSHOT-tests.jar:/home/jenkins/ptest-workdir/.m2/hiverepository/org/apache/hive/hive-llap-server/4.0.0-SNAPSHOT/hive-llap-server-4.0.0-SNAPSHOT-tests.jar:/home/jenkins/ptest-workdir/.m2/hiverepository/org/apache/hadoop/hadoop-yarn-server-tests/3.1.0/hadoop-yarn-server-tests-3.1.0-tests.jar:/home/jenkins/ptest-workdir/.m2/hiverepository/org/apache/hadoop/hadoop-yarn-server-common/3.1.0/hadoop-yarn-server-common-3.1.0.jar:/home/jenkins/ptest-workdir/.m2/hiverepository/org/apache/geronimo/specs/geronimo-jcache_1.0_spec/1.0-alpha-1/geronimo-jcache_1.0_spec-1.0-alpha-1.jar:/home/jenkins/ptest-workdir/.m2/hiverepository/org/ehcache/ehcache/3.3.1/ehcache-3.3.1.jar:/home/jenkins/ptest-workdir/.m2/hiverepository/com/zaxxer/HikariCP-java7/2.4.12/HikariCP-java7-2.4.12.jar:/home/jenkins/ptest-workdir/.m2/hiverepository/com/microsoft/sqlserver/mssql-jdbc/6.2.1.jre7/mssql-jdbc-6.2.1.jre7.jar:/home/jenkins/ptest-workdir/.m2/hiverepository/org/apache/hadoop/hadoop-yarn-server-nodemanager/3.1.0/hadoop-yarn-server-nodemanager-3.1.0.jar:/home/jenkins/ptest-workdir/.m2/hiverepository/org/apache/hadoop/hadoop-yarn-server-resourcemanager/3.1.0/hadoop-yarn-server-resourcemanager-3.1.0.jar:/home/jenkins/ptest-workdir/.m2/hiverepository/org/apache/hadoop/hadoop-yarn-server-applicationhistoryservice/3.1.0/hadoop-yarn-server-applicationhistoryservice-3.1.0.jar:/home/jenkins/ptest-workdir/.m2/hiverepository/de/ruedigermoeller/fst/2.50/fst-2.50.jar:/home/jenkins/ptest-workdir/.m2/hiverepository/com/cedarsoftware/java-util/1.9.0/java-util-1.9.0.jar:/home/jenkins/ptest-workdir/.m2/hiverepository/com/cedarsoftware/json-io/2.5.1/json-io-2.5.1.jar:/home/jenkins/ptest-workdir/.m2/hiverepository/org/apache/hadoop/hadoop-yarn-server-timelineservice/3.1.0/hadoop-yarn-server-timelineservice-3.1.0.jar:/home/jenkins/ptest-workdir/.m2/hiverepository/org/apache/commons/commons-csv/1.0/commons-csv-1.0.jar:/home/jenkins/ptest-workdir/.m2/hiverepository/org/apache/hadoop/hadoop-yarn-client/3.1.0/hadoop-yarn-client-3.1.0.jar:/home/jenkins/ptest-workdir/.m2/hiverepository/org/apache/hadoop/hadoop-yarn-common/3.1.0/hadoop-yarn-common-3.1.0.jar:/home/jenkins/ptest-workdir/.m2/hiverepository/javax/xml/bind/jaxb-api/2.2.11/jaxb-api-2.2.11.jar:/home/jenkins/ptest-workdir/.m2/hiverepository/com/sun/jersey/jersey-client/1.19/jersey-client-1.19.jar:/home/jenkins/ptest-workdir/.m2/hiverepository/com/google/inject/guice/4.0/guice-4.0.jar:/home/jenkins/ptest-workdir/.m2/hiverepository/javax/inject/javax.inject/1/javax.inject-1.jar:/home/jenkins/ptest-workdir/.m2/hiverepository/aopalliance/aopalliance/1.0/aopalliance-1.0.jar:/home/jenkins/ptest-workdir/.m2/hiverepository/com/sun/jersey/contribs/jersey-guice/1.19/jersey-guice-1.19.jar:/home/jenkins/ptest-workdir/.m2/hiverepository/com/fasterxml/jackson/module/jackson-module-jaxb-annotations/2.9.9/jackson-module-jaxb-annotations-2.9.9.jar:/home/jenkins/ptest-workdir/.m2/hiverepository/com/fasterxml/jackson/jaxrs/jackson-jaxrs-json-provider/2.9.9/jackson-jaxrs-json-provider-2.9.9.jar:/home/jenkins/ptest-workdir/.m2/hiverepository/com/fasterxml/jackson/jaxrs/jackson-jaxrs-base/2.9.9/jackson-jaxrs-base-2.9.9.jar:/home/jenkins/ptest-workdir/.m2/hiverepository/org/apache/hadoop/hadoop-yarn-api/3.1.0/hadoop-yarn-api-3.1.0.jar:/home/jenkins/ptest-workdir/.m2/hiverepository/org/apache/hbase/hbase-common/2.0.0-alpha4/hbase-common-2.0.0-alpha4.jar:/home/jenkins/ptest-workdir/.m2/hiverepository/org/apache/hbase/thirdparty/hbase-shaded-miscellaneous/1.0.1/hbase-shaded-miscellaneous-1.0.1.jar:/home/jenkins/ptest-workdir/.m2/hiverepository/org/apache/commons/commons-collections4/4.1/commons-collections4-4.1.jar:/home/jenkins/ptest-workdir/.m2/hiverepository/org/apache/htrace/htrace-core/3.2.0-incubating/htrace-core-3.2.0-incubating.jar:/home/jenkins/ptest-workdir/.m2/hiverepository/org/apache/commons/commons-crypto/1.0.0/commons-crypto-1.0.0.jar:/home/jenkins/ptest-workdir/.m2/hiverepository/com/github/stephenc/findbugs/findbugs-annotations/1.3.9-1/findbugs-annotations-1.3.9-1.jar:/home/jenkins/ptest-workdir/.m2/hiverepository/org/apache/yetus/audience-annotations/0.5.0/audience-annotations-0.5.0.jar:/home/jenkins/ptest-workdir/.m2/hiverepository/org/apache/hbase/hbase-common/2.0.0-alpha4/hbase-common-2.0.0-alpha4-tests.jar:/home/jenkins/ptest-workdir/.m2/hiverepository/org/apache/hbase/hbase-hadoop-compat/2.0.0-alpha4/hbase-hadoop-compat-2.0.0-alpha4.jar:/home/jenkins/ptest-workdir/.m2/hiverepository/org/apache/hbase/hbase-metrics-api/2.0.0-alpha4/hbase-metrics-api-2.0.0-alpha4.jar:/home/jenkins/ptest-workdir/.m2/hiverepository/org/apache/hbase/hbase-hadoop-compat/2.0.0-alpha4/hbase-hadoop-compat-2.0.0-alpha4-tests.jar:/home/jenkins/ptest-workdir/.m2/hiverepository/org/apache/hbase/hbase-hadoop2-compat/2.0.0-alpha4/hbase-hadoop2-compat-2.0.0-alpha4.jar:/home/jenkins/ptest-workdir/.m2/hiverepository/org/apache/hbase/hbase-metrics/2.0.0-alpha4/hbase-metrics-2.0.0-alpha4.jar:/home/jenkins/ptest-workdir/.m2/hiverepository/org/apache/hbase/hbase-hadoop2-compat/2.0.0-alpha4/hbase-hadoop2-compat-2.0.0-alpha4-tests.jar:/home/jenkins/ptest-workdir/.m2/hiverepository/org/apache/hbase/hbase-server/2.0.0-alpha4/hbase-server-2.0.0-alpha4.jar:/home/jenkins/ptest-workdir/.m2/hiverepository/org/apache/hbase/thirdparty/hbase-shaded-protobuf/1.0.1/hbase-shaded-protobuf-1.0.1.jar:/home/jenkins/ptest-workdir/.m2/hiverepository/org/apache/hbase/thirdparty/hbase-shaded-netty/1.0.1/hbase-shaded-netty-1.0.1.jar:/home/jenkins/ptest-workdir/.m2/hiverepository/org/apache/hbase/hbase-http/2.0.0-alpha4/hbase-http-2.0.0-alpha4.jar:/home/jenkins/ptest-workdir/.m2/hiverepository/org/glassfish/jersey/core/jersey-server/2.25.1/jersey-server-2.25.1.jar:/home/jenkins/ptest-workdir/.m2/hiverepository/org/glassfish/jersey/core/jersey-common/2.25.1/jersey-common-2.25.1.jar:/home/jenkins/ptest-workdir/.m2/hiverepository/org/glassfish/jersey/bundles/repackaged/jersey-guava/2.25.1/jersey-guava-2.25.1.jar:/home/jenkins/ptest-workdir/.m2/hiverepository/org/glassfish/hk2/osgi-resource-locator/1.0.1/osgi-resource-locator-1.0.1.jar:/home/jenkins/ptest-workdir/.m2/hiverepository/org/glassfish/jersey/core/jersey-client/2.25.1/jersey-client-2.25.1.jar:/home/jenkins/ptest-workdir/.m2/hiverepository/org/glassfish/jersey/media/jersey-media-jaxb/2.25.1/jersey-media-jaxb-2.25.1.jar:/home/jenkins/ptest-workdir/.m2/hiverepository/javax/annotation/javax.annotation-api/1.2/javax.annotation-api-1.2.jar:/home/jenkins/ptest-workdir/.m2/hiverepository/org/glassfish/hk2/hk2-api/2.5.0-b32/hk2-api-2.5.0-b32.jar:/home/jenkins/ptest-workdir/.m2/hiverepository/org/glassfish/hk2/hk2-utils/2.5.0-b32/hk2-utils-2.5.0-b32.jar:/home/jenkins/ptest-workdir/.m2/hiverepository/org/glassfish/hk2/external/aopalliance-repackaged/2.5.0-b32/aopalliance-repackaged-2.5.0-b32.jar:/home/jenkins/ptest-workdir/.m2/hiverepository/org/glassfish/hk2/external/javax.inject/2.5.0-b32/javax.inject-2.5.0-b32.jar:/home/jenkins/ptest-workdir/.m2/hiverepository/org/glassfish/hk2/hk2-locator/2.5.0-b32/hk2-locator-2.5.0-b32.jar:/home/jenkins/ptest-workdir/.m2/hiverepository/javax/validation/validation-api/1.1.0.Final/validation-api-1.1.0.Final.jar:/home/jenkins/ptest-workdir/.m2/hiverepository/org/glassfish/jersey/containers/jersey-container-servlet-core/2.25.1/jersey-container-servlet-core-2.25.1.jar:/home/jenkins/ptest-workdir/.m2/hiverepository/org/apache/hbase/hbase-protocol/2.0.0-alpha4/hbase-protocol-2.0.0-alpha4.jar:/home/jenkins/ptest-workdir/.m2/hiverepository/org/apache/hbase/hbase-protocol-shaded/2.0.0-alpha4/hbase-protocol-shaded-2.0.0-alpha4.jar:/home/jenkins/ptest-workdir/.m2/hiverepository/org/apache/hbase/hbase-procedure/2.0.0-alpha4/hbase-procedure-2.0.0-alpha4.jar:/home/jenkins/ptest-workdir/.m2/hiverepository/org/apache/hbase/hbase-replication/2.0.0-alpha4/hbase-replication-2.0.0-alpha4.jar:/home/jenkins/ptest-workdir/.m2/hiverepository/org/apache/hbase/hbase-prefix-tree/2.0.0-alpha4/hbase-prefix-tree-2.0.0-alpha4.jar:/home/jenkins/ptest-workdir/.m2/hiverepository/org/jamon/jamon-runtime/2.3.1/jamon-runtime-2.3.1.jar:/home/jenkins/ptest-workdir/.m2/hiverepository/javax/ws/rs/javax.ws.rs-api/2.0.1/javax.ws.rs-api-2.0.1.jar:/home/jenkins/ptest-workdir/.m2/hiverepository/com/lmax/disruptor/3.3.6/disruptor-3.3.6.jar:/home/jenkins/ptest-workdir/.m2/hiverepository/org/apache/hadoop/hadoop-client/3.1.0/hadoop-client-3.1.0.jar:/home/jenkins/ptest-workdir/.m2/hiverepository/org/apache/hadoop/hadoop-mapreduce-client-jobclient/3.1.0/hadoop-mapreduce-client-jobclient-3.1.0.jar:/home/jenkins/ptest-workdir/.m2/hiverepository/org/apache/hbase/hbase-server/2.0.0-alpha4/hbase-server-2.0.0-alpha4-tests.jar:/home/jenkins/ptest-workdir/.m2/hiverepository/org/glassfish/web/javax.servlet.jsp/2.3.2/javax.servlet.jsp-2.3.2.jar:/home/jenkins/ptest-workdir/.m2/hiverepository/org/glassfish/javax.el/3.0.1-b11/javax.el-3.0.1-b11.jar:/home/jenkins/ptest-workdir/.m2/hiverepository/org/apache/hbase/hbase-mapreduce/2.0.0-alpha4/hbase-mapreduce-2.0.0-alpha4.jar:/home/jenkins/ptest-workdir/.m2/hiverepository/org/apache/tez/tez-tests/0.9.1/tez-tests-0.9.1-tests.jar:/home/jenkins/ptest-workdir/.m2/hiverepository/org/apache/tez/tez-common/0.9.1/tez-common-0.9.1.jar:/home/jenkins/ptest-workdir/.m2/hiverepository/org/apache/tez/tez-examples/0.9.1/tez-examples-0.9.1.jar:/usr/lib/jvm/java-8-openjdk-arm64/jre/../lib/tools.jar:/home/jenkins/ptest-workdir/.m2/hiverepository/org/apache/tez/tez-api/0.9.1/tez-api-0.9.1.jar:/home/jenkins/ptest-workdir/.m2/hiverepository/org/apache/tez/tez-runtime-library/0.9.1/tez-runtime-library-0.9.1.jar:/home/jenkins/ptest-workdir/.m2/hiverepository/org/roaringbitmap/RoaringBitmap/0.4.9/RoaringBitmap-0.4.9.jar:/home/jenkins/ptest-workdir/.m2/hiverepository/com/ning/async-http-client/1.8.16/async-http-client-1.8.16.jar:/home/jenkins/ptest-workdir/.m2/hiverepository/org/apache/tez/tez-mapreduce/0.9.1/tez-mapreduce-0.9.1.jar:/home/jenkins/ptest-workdir/.m2/hiverepository/org/apache/tez/tez-dag/0.9.1/tez-dag-0.9.1.jar:/home/jenkins/ptest-workdir/.m2/hiverepository/org/apache/tez/hadoop-shim/0.9.1/hadoop-shim-0.9.1.jar:/home/jenkins/ptest-workdir/.m2/hiverepository/org/apache/tez/tez-runtime-internals/0.9.1/tez-runtime-internals-0.9.1.jar:/home/jenkins/ptest-workdir/.m2/hiverepository/org/apache/hadoop/hadoop-yarn-server-web-proxy/3.1.0/hadoop-yarn-server-web-proxy-3.1.0.jar:/home/jenkins/ptest-workdir/.m2/hiverepository/org/mortbay/jetty/jetty/6.1.26/jetty-6.1.26.jar:/home/jenkins/ptest-workdir/.m2/hiverepository/org/mortbay/jetty/servlet-api/2.5-20081211/servlet-api-2.5-20081211.jar:/home/jenkins/ptest-workdir/.m2/hiverepository/org/mortbay/jetty/jetty-util/6.1.26/jetty-util-6.1.26.jar:/home/jenkins/ptest-workdir/.m2/hiverepository/javax/servlet/servlet-api/2.5/servlet-api-2.5.jar:/home/jenkins/ptest-workdir/.m2/hiverepository/org/apache/hive/hive-it-druid/4.0.0-SNAPSHOT/hive-it-druid-4.0.0-SNAPSHOT.jar:/home/jenkins/ptest-workdir/.m2/hiverepository/org/apache/druid/druid-server/0.14.0-incubating/druid-server-0.14.0-incubating.jar:/home/jenkins/ptest-workdir/.m2/hiverepository/org/apache/druid/druid-processing/0.14.0-incubating/druid-processing-0.14.0-incubating.jar:/home/jenkins/ptest-workdir/.m2/hiverepository/org/apache/druid/druid-hll/0.14.0-incubating/druid-hll-0.14.0-incubating.jar:/home/jenkins/ptest-workdir/.m2/hiverepository/org/apache/druid/extendedset/0.14.0-incubating/extendedset-0.14.0-incubating.jar:/home/jenkins/ptest-workdir/.m2/hiverepository/com/ning/compress-lzf/1.0.4/compress-lzf-1.0.4.jar:/home/jenkins/ptest-workdir/.m2/hiverepository/org/skife/config/config-magic/0.9/config-magic-0.9.jar:/home/jenkins/ptest-workdir/.m2/hiverepository/com/google/errorprone/error_prone_annotations/2.3.2/error_prone_annotations-2.3.2.jar:/home/jenkins/ptest-workdir/.m2/hiverepository/com/ibm/icu/icu4j/54.1.1/icu4j-54.1.1.jar:/home/jenkins/ptest-workdir/.m2/hiverepository/org/mozilla/rhino/1.7R5/rhino-1.7R5.jar:/home/jenkins/ptest-workdir/.m2/hiverepository/org/mapdb/mapdb/1.0.8/mapdb-1.0.8.jar:/home/jenkins/ptest-workdir/.m2/hiverepository/org/ow2/asm/asm/5.2/asm-5.2.jar:/home/jenkins/ptest-workdir/.m2/hiverepository/org/ow2/asm/asm-commons/5.2/asm-commons-5.2.jar:/home/jenkins/ptest-workdir/.m2/hiverepository/org/ow2/asm/asm-tree/5.2/asm-tree-5.2.jar:/home/jenkins/ptest-workdir/.m2/hiverepository/org/checkerframework/checker-qual/2.5.7/checker-qual-2.5.7.jar:/home/jenkins/ptest-workdir/.m2/hiverepository/org/apache/maven/maven-artifact/3.6.0/maven-artifact-3.6.0.jar:/home/jenkins/ptest-workdir/.m2/hiverepository/org/codehaus/plexus/plexus-utils/3.1.0/plexus-utils-3.1.0.jar:/home/jenkins/ptest-workdir/.m2/hiverepository/org/apache/druid/druid-aws-common/0.14.0-incubating/druid-aws-common-0.14.0-incubating.jar:/home/jenkins/ptest-workdir/.m2/hiverepository/com/amazonaws/aws-java-sdk-ec2/1.11.199/aws-java-sdk-ec2-1.11.199.jar:/home/jenkins/ptest-workdir/.m2/hiverepository/com/amazonaws/aws-java-sdk-core/1.11.199/aws-java-sdk-core-1.11.199.jar:/home/jenkins/ptest-workdir/.m2/hiverepository/software/amazon/ion/ion-java/1.0.2/ion-java-1.0.2.jar:/home/jenkins/ptest-workdir/.m2/hiverepository/com/fasterxml/jackson/dataformat/jackson-dataformat-cbor/2.6.7/jackson-dataformat-cbor-2.6.7.jar:/home/jenkins/ptest-workdir/.m2/hiverepository/com/amazonaws/jmespath-java/1.11.199/jmespath-java-1.11.199.jar:/home/jenkins/ptest-workdir/.m2/hiverepository/com/amazonaws/aws-java-sdk-s3/1.11.199/aws-java-sdk-s3-1.11.199.jar:/home/jenkins/ptest-workdir/.m2/hiverepository/com/amazonaws/aws-java-sdk-kms/1.11.199/aws-java-sdk-kms-1.11.199.jar:/home/jenkins/ptest-workdir/.m2/hiverepository/org/apache/druid/druid-console/0.14.0-incubating/druid-console-0.14.0-incubating.jar:/home/jenkins/ptest-workdir/.m2/hiverepository/org/apache/druid/druid-core/0.14.0-incubating/druid-core-0.14.0-incubating.jar:/home/jenkins/ptest-workdir/.m2/hiverepository/org/hibernate/hibernate-validator/5.1.3.Final/hibernate-validator-5.1.3.Final.jar:/home/jenkins/ptest-workdir/.m2/hiverepository/org/jboss/logging/jboss-logging/3.1.3.GA/jboss-logging-3.1.3.GA.jar:/home/jenkins/ptest-workdir/.m2/hiverepository/com/fasterxml/classmate/1.0.0/classmate-1.0.0.jar:/home/jenkins/ptest-workdir/.m2/hiverepository/javax/el/javax.el-api/3.0.0/javax.el-api-3.0.0.jar:/home/jenkins/ptest-workdir/.m2/hiverepository/com/fasterxml/jackson/datatype/jackson-datatype-guava/2.6.7/jackson-datatype-guava-2.6.7.jar:/home/jenkins/ptest-workdir/.m2/hiverepository/com/fasterxml/jackson/datatype/jackson-datatype-joda/2.6.7/jackson-datatype-joda-2.6.7.jar:/home/jenkins/ptest-workdir/.m2/hiverepository/com/google/inject/extensions/guice-multibindings/4.1.0/guice-multibindings-4.1.0.jar:/home/jenkins/ptest-workdir/.m2/hiverepository/org/jdbi/jdbi/2.63.1/jdbi-2.63.1.jar:/home/jenkins/ptest-workdir/.m2/hiverepository/org/apache/logging/log4j/log4j-jul/2.5/log4j-jul-2.5.jar:/home/jenkins/ptest-workdir/.m2/hiverepository/org/slf4j/jcl-over-slf4j/1.7.12/jcl-over-slf4j-1.7.12.jar:/home/jenkins/ptest-workdir/.m2/hiverepository/net/thisptr/jackson-jq/0.0.7/jackson-jq-0.0.7.jar:/home/jenkins/ptest-workdir/.m2/hiverepository/com/opencsv/opencsv/4.2/opencsv-4.2.jar:/home/jenkins/ptest-workdir/.m2/hiverepository/com/github/luben/zstd-jni/1.3.3-1/zstd-jni-1.3.3-1.jar:/home/jenkins/ptest-workdir/.m2/hiverepository/org/antlr/antlr4-runtime/4.5.1/antlr4-runtime-4.5.1.jar:/home/jenkins/ptest-workdir/.m2/hiverepository/org/asynchttpclient/async-http-client/2.5.3/async-http-client-2.5.3.jar:/home/jenkins/ptest-workdir/.m2/hiverepository/org/asynchttpclient/async-http-client-netty-utils/2.5.3/async-http-client-netty-utils-2.5.3.jar:/home/jenkins/ptest-workdir/.m2/hiverepository/org/reactivestreams/reactive-streams/1.0.2/reactive-streams-1.0.2.jar:/home/jenkins/ptest-workdir/.m2/hiverepository/com/typesafe/netty/netty-reactive-streams/2.0.0/netty-reactive-streams-2.0.0.jar:/home/jenkins/ptest-workdir/.m2/hiverepository/com/sun/activation/javax.activation/1.2.0/javax.activation-1.2.0.jar:/home/jenkins/ptest-workdir/.m2/hiverepository/org/hyperic/sigar/1.6.5.132/sigar-1.6.5.132.jar:/home/jenkins/ptest-workdir/.m2/hiverepository/org/gridkit/lab/jvm-attach-api/1.2/jvm-attach-api-1.2.jar:/home/jenkins/ptest-workdir/.m2/hiverepository/com/fasterxml/jackson/jaxrs/jackson-jaxrs-smile-provider/2.6.7/jackson-jaxrs-smile-provider-2.6.7.jar:/home/jenkins/ptest-workdir/.m2/hiverepository/io/tesla/aether/tesla-aether/0.0.5/tesla-aether-0.0.5.jar:/home/jenkins/ptest-workdir/.m2/hiverepository/org/eclipse/aether/aether-spi/0.9.0.M2/aether-spi-0.9.0.M2.jar:/home/jenkins/ptest-workdir/.m2/hiverepository/org/eclipse/aether/aether-util/0.9.0.M2/aether-util-0.9.0.M2.jar:/home/jenkins/ptest-workdir/.m2/hiverepository/org/eclipse/aether/aether-impl/0.9.0.M2/aether-impl-0.9.0.M2.jar:/home/jenkins/ptest-workdir/.m2/hiverepository/org/eclipse/aether/aether-connector-file/0.9.0.M2/aether-connector-file-0.9.0.M2.jar:/home/jenkins/ptest-workdir/.m2/hiverepository/io/tesla/aether/aether-connector-okhttp/0.0.9/aether-connector-okhttp-0.0.9.jar:/home/jenkins/ptest-workdir/.m2/hiverepository/org/apache/maven/wagon/wagon-provider-api/2.4/wagon-provider-api-2.4.jar:/home/jenkins/ptest-workdir/.m2/hiverepository/org/apache/maven/maven-aether-provider/3.1.1/maven-aether-provider-3.1.1.jar:/home/jenkins/ptest-workdir/.m2/hiverepository/org/apache/maven/maven-model/3.1.1/maven-model-3.1.1.jar:/home/jenkins/ptest-workdir/.m2/hiverepository/org/apache/maven/maven-model-builder/3.1.1/maven-model-builder-3.1.1.jar:/home/jenkins/ptest-workdir/.m2/hiverepository/org/apache/maven/maven-repository-metadata/3.1.1/maven-repository-metadata-3.1.1.jar:/home/jenkins/ptest-workdir/.m2/hiverepository/org/apache/maven/maven-settings-builder/3.1.1/maven-settings-builder-3.1.1.jar:/home/jenkins/ptest-workdir/.m2/hiverepository/org/codehaus/plexus/plexus-interpolation/1.19/plexus-interpolation-1.19.jar:/home/jenkins/ptest-workdir/.m2/hiverepository/org/apache/maven/maven-settings/3.1.1/maven-settings-3.1.1.jar:/home/jenkins/ptest-workdir/.m2/hiverepository/org/eclipse/aether/aether-api/0.9.0.M2/aether-api-0.9.0.M2.jar:/home/jenkins/ptest-workdir/.m2/hiverepository/net/spy/spymemcached/2.12.3/spymemcached-2.12.3.jar:/home/jenkins/ptest-workdir/.m2/hiverepository/org/lz4/lz4-java/1.5.0/lz4-java-1.5.0.jar:/home/jenkins/ptest-workdir/.m2/hiverepository/org/apache/derby/derbynet/10.11.1.1/derbynet-10.11.1.1.jar:/home/jenkins/ptest-workdir/.m2/hiverepository/org/apache/derby/derbyclient/10.11.1.1/derbyclient-10.11.1.1.jar:/home/jenkins/ptest-workdir/.m2/hiverepository/it/unimi/dsi/fastutil/8.1.0/fastutil-8.1.0.jar:/home/jenkins/ptest-workdir/.m2/hiverepository/com/github/ben-manes/caffeine/caffeine/2.5.5/caffeine-2.5.5.jar:/home/jenkins/ptest-workdir/.m2/hiverepository/org/apache/druid/druid-services/0.14.0-incubating/druid-services-0.14.0-incubating.jar:/home/jenkins/ptest-workdir/.m2/hiverepository/org/apache/druid/druid-indexing-hadoop/0.14.0-incubating/druid-indexing-hadoop-0.14.0-incubating.jar:/home/jenkins/ptest-workdir/.m2/hiverepository/org/apache/druid/druid-indexing-service/0.14.0-incubating/druid-indexing-service-0.14.0-incubating.jar:/home/jenkins/ptest-workdir/.m2/hiverepository/org/apache/druid/druid-sql/0.14.0-incubating/druid-sql-0.14.0-incubating.jar:/home/jenkins/ptest-workdir/.m2/hiverepository/org/apache/calcite/calcite-core/1.21.0/calcite-core-1.21.0.jar:/home/jenkins/ptest-workdir/.m2/hiverepository/com/esri/geometry/esri-geometry-api/2.2.0/esri-geometry-api-2.2.0.jar:/home/jenkins/ptest-workdir/.m2/hiverepository/com/fasterxml/jackson/dataformat/jackson-dataformat-yaml/2.9.9/jackson-dataformat-yaml-2.9.9.jar:/home/jenkins/ptest-workdir/.m2/hiverepository/org/yaml/snakeyaml/1.23/snakeyaml-1.23.jar:/home/jenkins/ptest-workdir/.m2/hiverepository/net/hydromatic/aggdesigner-algorithm/6.0/aggdesigner-algorithm-6.0.jar:/home/jenkins/ptest-workdir/.m2/hiverepository/org/apache/calcite/calcite-linq4j/1.21.0/calcite-linq4j-1.21.0.jar:/home/jenkins/ptest-workdir/.m2/hiverepository/org/apache/calcite/avatica/avatica-core/1.12.0/avatica-core-1.12.0.jar:/home/jenkins/ptest-workdir/.m2/hiverepository/org/apache/calcite/avatica/avatica-metrics/1.12.0/avatica-metrics-1.12.0.jar:/home/jenkins/ptest-workdir/.m2/hiverepository/org/apache/calcite/avatica/avatica-server/1.12.0/avatica-server-1.12.0.jar:/home/jenkins/ptest-workdir/.m2/hiverepository/io/airlift/airline/0.7/airline-0.7.jar:/home/jenkins/ptest-workdir/.m2/hiverepository/org/apache/druid/extensions/druid-hdfs-storage/0.14.0-incubating/druid-hdfs-storage-0.14.0-incubating.jar:/home/jenkins/ptest-workdir/.m2/hiverepository/org/apache/druid/extensions/druid-bloom-filter/0.14.0-incubating/druid-bloom-filter-0.14.0-incubating.jar:/home/jenkins/ptest-workdir/.m2/hiverepository/org/apache/druid/extensions/druid-kafka-indexing-service/0.14.0-incubating/druid-kafka-indexing-service-0.14.0-incubating.jar:/home/jenkins/ptest-workdir/.m2/hiverepository/org/apache/druid/extensions/druid-avro-extensions/0.14.0-incubating/druid-avro-extensions-0.14.0-incubating.jar:/home/jenkins/ptest-workdir/.m2/hiverepository/org/apache/avro/avro-mapred/1.8.2/avro-mapred-1.8.2-hadoop2.jar:/home/jenkins/ptest-workdir/.m2/hiverepository/org/apache/avro/avro-ipc/1.8.2/avro-ipc-1.8.2.jar:/home/jenkins/ptest-workdir/.m2/hiverepository/org/schemarepo/schema-repo-api/0.1.3/schema-repo-api-0.1.3.jar:/home/jenkins/ptest-workdir/.m2/hiverepository/org/schemarepo/schema-repo-common/0.1.3/schema-repo-common-0.1.3.jar:/home/jenkins/ptest-workdir/.m2/hiverepository/org/schemarepo/schema-repo-client/0.1.3/schema-repo-client-0.1.3.jar:/home/jenkins/ptest-workdir/.m2/hiverepository/org/schemarepo/schema-repo-avro/0.1.3/schema-repo-avro-0.1.3.jar:/home/jenkins/ptest-workdir/.m2/hiverepository/io/confluent/kafka-schema-registry-client/3.0.1/kafka-schema-registry-client-3.0.1.jar:/home/jenkins/ptest-workdir/.m2/hiverepository/org/apache/logging/log4j/log4j-api/2.12.1/log4j-api-2.12.1.jar:/home/jenkins/ptest-workdir/.m2/hiverepository/org/apache/curator/curator-x-discovery/4.0.0/curator-x-discovery-4.0.0.jar:/home/jenkins/ptest-workdir/.m2/hiverepository/org/eclipse/jetty/jetty-servlets/9.4.10.v20180503/jetty-servlets-9.4.10.v20180503.jar:/home/jenkins/ptest-workdir/.m2/hiverepository/org/eclipse/jetty/jetty-continuation/9.4.10.v20180503/jetty-continuation-9.4.10.v20180503.jar:/home/jenkins/ptest-workdir/.m2/hiverepository/org/eclipse/jetty/jetty-proxy/9.4.10.v20180503/jetty-proxy-9.4.10.v20180503.jar:/home/jenkins/ptest-workdir/.m2/hiverepository/org/eclipse/jetty/jetty-security/9.4.10.v20180503/jetty-security-9.4.10.v20180503.jar:/home/jenkins/ptest-workdir/.m2/hiverepository/org/apache/kafka/kafka_2.11/2.0.0/kafka_2.11-2.0.0.jar:/home/jenkins/ptest-workdir/.m2/hiverepository/net/sf/jopt-simple/jopt-simple/5.0.4/jopt-simple-5.0.4.jar:/home/jenkins/ptest-workdir/.m2/hiverepository/com/yammer/metrics/metrics-core/2.2.0/metrics-core-2.2.0.jar:/home/jenkins/ptest-workdir/.m2/hiverepository/org/scala-lang/scala-library/2.11.8/scala-library-2.11.8.jar:/home/jenkins/ptest-workdir/.m2/hiverepository/org/scala-lang/scala-reflect/2.11.12/scala-reflect-2.11.12.jar:/home/jenkins/ptest-workdir/.m2/hiverepository/com/typesafe/scala-logging/scala-logging_2.11/3.9.0/scala-logging_2.11-3.9.0.jar:/home/jenkins/ptest-workdir/.m2/hiverepository/com/101tec/zkclient/0.10/zkclient-0.10.jar:/home/jenkins/ptest-workdir/.m2/hiverepository/org/apache/kafka/kafka-clients/2.0.0/kafka-clients-2.0.0.jar:/home/jenkins/ptest-workdir/.m2/hiverepository/org/slf4j/slf4j-api/1.7.30/slf4j-api-1.7.30.jar:/home/jenkins/ptest-workdir/.m2/hiverepository/org/mariadb/jdbc/mariadb-java-client/2.5.0/mariadb-java-client-2.5.0.jar:/home/jenkins/ptest-workdir/.m2/hiverepository/org/postgresql/postgresql/9.3-1102-jdbc41/postgresql-9.3-1102-jdbc41.jar:/home/jenkins/ptest-workdir/.m2/hiverepository/io/netty/netty/3.10.5.Final/netty-3.10.5.Final.jar:/home/jenkins/ptest-workdir/.m2/hiverepository/org/mockito/mockito-core/3.3.3/mockito-core-3.3.3.jar:/home/jenkins/ptest-workdir/.m2/hiverepository/net/bytebuddy/byte-buddy/1.10.5/byte-buddy-1.10.5.jar:/home/jenkins/ptest-workdir/.m2/hiverepository/net/bytebuddy/byte-buddy-agent/1.10.5/byte-buddy-agent-1.10.5.jar:/home/jenkins/ptest-workdir/.m2/hiverepository/org/objenesis/objenesis/2.6/objenesis-2.6.jar:/home/jenkins/ptest-workdir/data/users/hivetests-jenkins/trunk-jenkins@192.168.1.221-0/itests/qtest/target/testconf:/home/jenkins/ptest-workdir/data/users/hivetests-jenkins/trunk-jenkins@192.168.1.221-0/itests/qtest/../../conf:"/>
    <property name="run_disabled" value="false"/>
    <property name="java.vm.vendor" value="Private Build"/>
    <property name="sun.arch.data.model" value="64"/>
    <property name="hadoop.version" value="3.1.0"/>
    <property name="java.vendor.url" value="http://java.oracle.com/"/>
    <property name="user.timezone" value=""/>
    <property name="os.name" value="Linux"/>
    <property name="java.vm.specification.version" value="1.8"/>
    <property name="test.tmp.dir" value="/home/jenkins/ptest-workdir/data/users/hivetests-jenkins/trunk-jenkins@192.168.1.221-0/itests/qtest/target/tmp"/>
    <property name="test.build.data" value="/home/jenkins/ptest-workdir/data/users/hivetests-jenkins/trunk-jenkins@192.168.1.221-0/itests/qtest/target/tmp"/>
    <property name="clustermode" value=""/>
    <property name="sun.java.launcher" value="SUN_STANDARD"/>
    <property name="user.country" value="US"/>
    <property name="test.data.files" value="/home/jenkins/ptest-workdir/data/users/hivetests-jenkins/trunk-jenkins@192.168.1.221-0/itests/qtest/../../data/files"/>
    <property name="sun.boot.library.path" value="/usr/lib/jvm/java-8-openjdk-arm64/jre/lib/aarch64"/>
    <property name="sun.java.command" value="/home/jenkins/ptest-workdir/data/users/hivetests-jenkins/trunk-jenkins@192.168.1.221-0/itests/qtest/target/surefire/surefirebooter1013936067930382666.jar /home/jenkins/ptest-workdir/data/users/hivetests-jenkins/trunk-jenkins@192.168.1.221-0/itests/qtest/target/surefire 2020-04-15T03-41-20_307-jvmRun1 surefire3477245969427039641tmp surefire_02107047055420821865tmp"/>
    <property name="test" value="TestCliDriver"/>
    <property name="surefire.test.class.path" value="/home/jenkins/ptest-workdir/data/users/hivetests-jenkins/trunk-jenkins@192.168.1.221-0/itests/qtest/target/test-classes:/home/jenkins/ptest-workdir/data/users/hivetests-jenkins/trunk-jenkins@192.168.1.221-0/itests/qtest/target/classes:/home/jenkins/ptest-workdir/.m2/hiverepository/org/apache/hive/hive-common/4.0.0-SNAPSHOT/hive-common-4.0.0-SNAPSHOT.jar:/home/jenkins/ptest-workdir/.m2/hiverepository/org/apache/hive/hive-classification/4.0.0-SNAPSHOT/hive-classification-4.0.0-SNAPSHOT.jar:/home/jenkins/ptest-workdir/.m2/hiverepository/org/apache/hive/hive-shims/4.0.0-SNAPSHOT/hive-shims-4.0.0-SNAPSHOT.jar:/home/jenkins/ptest-workdir/.m2/hiverepository/org/apache/hive/shims/hive-shims-common/4.0.0-SNAPSHOT/hive-shims-common-4.0.0-SNAPSHOT.jar:/home/jenkins/ptest-workdir/.m2/hiverepository/org/apache/hive/shims/hive-shims-0.23/4.0.0-SNAPSHOT/hive-shims-0.23-4.0.0-SNAPSHOT.jar:/home/jenkins/ptest-workdir/.m2/hiverepository/org/apache/hive/shims/hive-shims-scheduler/4.0.0-SNAPSHOT/hive-shims-scheduler-4.0.0-SNAPSHOT.jar:/home/jenkins/ptest-workdir/.m2/hiverepository/org/apache/hive/hive-storage-api/2.7.0-SNAPSHOT/hive-storage-api-2.7.0-SNAPSHOT.jar:/home/jenkins/ptest-workdir/.m2/hiverepository/commons-cli/commons-cli/1.2/commons-cli-1.2.jar:/home/jenkins/ptest-workdir/.m2/hiverepository/org/apache/commons/commons-lang3/3.9/commons-lang3-3.9.jar:/home/jenkins/ptest-workdir/.m2/hiverepository/org/apache/orc/orc-core/1.5.9/orc-core-1.5.9.jar:/home/jenkins/ptest-workdir/.m2/hiverepository/org/apache/orc/orc-shims/1.5.9/orc-shims-1.5.9.jar:/home/jenkins/ptest-workdir/.m2/hiverepository/io/airlift/aircompressor/0.10/aircompressor-0.10.jar:/home/jenkins/ptest-workdir/.m2/hiverepository/org/threeten/threeten-extra/1.5.0/threeten-extra-1.5.0.jar:/home/jenkins/ptest-workdir/.m2/hiverepository/jline/jline/2.14.6/jline-2.14.6.jar:/home/jenkins/ptest-workdir/.m2/hiverepository/javax/servlet/javax.servlet-api/3.1.0/javax.servlet-api-3.1.0.jar:/home/jenkins/ptest-workdir/.m2/hiverepository/org/eclipse/jetty/jetty-http/9.3.27.v20190418/jetty-http-9.3.27.v20190418.jar:/home/jenkins/ptest-workdir/.m2/hiverepository/org/eclipse/jetty/jetty-rewrite/9.3.27.v20190418/jetty-rewrite-9.3.27.v20190418.jar:/home/jenkins/ptest-workdir/.m2/hiverepository/org/eclipse/jetty/jetty-client/9.3.27.v20190418/jetty-client-9.3.27.v20190418.jar:/home/jenkins/ptest-workdir/.m2/hiverepository/org/eclipse/jetty/jetty-server/9.3.27.v20190418/jetty-server-9.3.27.v20190418.jar:/home/jenkins/ptest-workdir/.m2/hiverepository/org/eclipse/jetty/jetty-io/9.3.27.v20190418/jetty-io-9.3.27.v20190418.jar:/home/jenkins/ptest-workdir/.m2/hiverepository/org/eclipse/jetty/jetty-servlet/9.3.27.v20190418/jetty-servlet-9.3.27.v20190418.jar:/home/jenkins/ptest-workdir/.m2/hiverepository/org/eclipse/jetty/jetty-webapp/9.3.27.v20190418/jetty-webapp-9.3.27.v20190418.jar:/home/jenkins/ptest-workdir/.m2/hiverepository/org/eclipse/jetty/jetty-xml/9.3.27.v20190418/jetty-xml-9.3.27.v20190418.jar:/home/jenkins/ptest-workdir/.m2/hiverepository/joda-time/joda-time/2.9.9/joda-time-2.9.9.jar:/home/jenkins/ptest-workdir/.m2/hiverepository/org/apache/logging/log4j/log4j-1.2-api/2.12.1/log4j-1.2-api-2.12.1.jar:/home/jenkins/ptest-workdir/.m2/hiverepository/org/apache/logging/log4j/log4j-web/2.12.1/log4j-web-2.12.1.jar:/home/jenkins/ptest-workdir/.m2/hiverepository/org/apache/logging/log4j/log4j-slf4j-impl/2.12.1/log4j-slf4j-impl-2.12.1.jar:/home/jenkins/ptest-workdir/.m2/hiverepository/org/apache/commons/commons-compress/1.19/commons-compress-1.19.jar:/home/jenkins/ptest-workdir/.m2/hiverepository/org/apache/ant/ant/1.9.1/ant-1.9.1.jar:/home/jenkins/ptest-workdir/.m2/hiverepository/org/apache/ant/ant-launcher/1.9.1/ant-launcher-1.9.1.jar:/home/jenkins/ptest-workdir/.m2/hiverepository/net/sf/jpam/jpam/1.1/jpam-1.1.jar:/home/jenkins/ptest-workdir/.m2/hiverepository/com/tdunning/json/1.8/json-1.8.jar:/home/jenkins/ptest-workdir/.m2/hiverepository/io/dropwizard/metrics/metrics-core/3.1.0/metrics-core-3.1.0.jar:/home/jenkins/ptest-workdir/.m2/hiverepository/io/dropwizard/metrics/metrics-jvm/3.1.0/metrics-jvm-3.1.0.jar:/home/jenkins/ptest-workdir/.m2/hiverepository/io/dropwizard/metrics/metrics-json/3.1.0/metrics-json-3.1.0.jar:/home/jenkins/ptest-workdir/.m2/hiverepository/com/fasterxml/jackson/core/jackson-databind/2.9.9/jackson-databind-2.9.9.jar:/home/jenkins/ptest-workdir/.m2/hiverepository/com/github/joshelser/dropwizard-metrics-hadoop-metrics2-reporter/0.1.2/dropwizard-metrics-hadoop-metrics2-reporter-0.1.2.jar:/home/jenkins/ptest-workdir/.m2/hiverepository/javolution/javolution/5.5.1/javolution-5.5.1.jar:/home/jenkins/ptest-workdir/.m2/hiverepository/org/apache/hive/hive-contrib/4.0.0-SNAPSHOT/hive-contrib-4.0.0-SNAPSHOT.jar:/home/jenkins/ptest-workdir/.m2/hiverepository/commons-codec/commons-codec/1.7/commons-codec-1.7.jar:/home/jenkins/ptest-workdir/.m2/hiverepository/org/apache/hive/hive-standalone-metastore-common/4.0.0-SNAPSHOT/hive-standalone-metastore-common-4.0.0-SNAPSHOT.jar:/home/jenkins/ptest-workdir/.m2/hiverepository/com/google/guava/guava/19.0/guava-19.0.jar:/home/jenkins/ptest-workdir/.m2/hiverepository/com/google/protobuf/protobuf-java/2.5.0/protobuf-java-2.5.0.jar:/home/jenkins/ptest-workdir/.m2/hiverepository/com/jolbox/bonecp/0.8.0.RELEASE/bonecp-0.8.0.RELEASE.jar:/home/jenkins/ptest-workdir/.m2/hiverepository/com/zaxxer/HikariCP/2.6.1/HikariCP-2.6.1.jar:/home/jenkins/ptest-workdir/.m2/hiverepository/commons-dbcp/commons-dbcp/1.4/commons-dbcp-1.4.jar:/home/jenkins/ptest-workdir/.m2/hiverepository/commons-pool/commons-pool/1.5.4/commons-pool-1.5.4.jar:/home/jenkins/ptest-workdir/.m2/hiverepository/org/antlr/antlr-runtime/3.5.2/antlr-runtime-3.5.2.jar:/home/jenkins/ptest-workdir/.m2/hiverepository/org/antlr/ST4/4.0.4/ST4-4.0.4.jar:/home/jenkins/ptest-workdir/.m2/hiverepository/org/apache/derby/derby/10.14.1.0/derby-10.14.1.0.jar:/home/jenkins/ptest-workdir/.m2/hiverepository/org/apache/logging/log4j/log4j-core/2.12.1/log4j-core-2.12.1.jar:/home/jenkins/ptest-workdir/.m2/hiverepository/org/apache/thrift/libfb303/0.9.3/libfb303-0.9.3.jar:/home/jenkins/ptest-workdir/.m2/hiverepository/org/apache/thrift/libthrift/0.9.3-1/libthrift-0.9.3-1.jar:/home/jenkins/ptest-workdir/.m2/hiverepository/org/apache/httpcomponents/httpcore/4.4.10/httpcore-4.4.10.jar:/home/jenkins/ptest-workdir/.m2/hiverepository/commons-logging/commons-logging/1.1.3/commons-logging-1.1.3.jar:/home/jenkins/ptest-workdir/.m2/hiverepository/org/apache/zookeeper/zookeeper/3.5.5/zookeeper-3.5.5.jar:/home/jenkins/ptest-workdir/.m2/hiverepository/org/apache/zookeeper/zookeeper-jute/3.5.5/zookeeper-jute-3.5.5.jar:/home/jenkins/ptest-workdir/.m2/hiverepository/org/apache/curator/curator-recipes/4.2.0/curator-recipes-4.2.0.jar:/home/jenkins/ptest-workdir/.m2/hiverepository/org/apache/curator/curator-framework/4.2.0/curator-framework-4.2.0.jar:/home/jenkins/ptest-workdir/.m2/hiverepository/org/apache/hive/hive-standalone-metastore-common/4.0.0-SNAPSHOT/hive-standalone-metastore-common-4.0.0-SNAPSHOT-tests.jar:/home/jenkins/ptest-workdir/.m2/hiverepository/org/apache/hive/hive-standalone-metastore-server/4.0.0-SNAPSHOT/hive-standalone-metastore-server-4.0.0-SNAPSHOT.jar:/home/jenkins/ptest-workdir/.m2/hiverepository/org/datanucleus/datanucleus-api-jdo/4.2.4/datanucleus-api-jdo-4.2.4.jar:/home/jenkins/ptest-workdir/.m2/hiverepository/org/datanucleus/datanucleus-core/4.1.17/datanucleus-core-4.1.17.jar:/home/jenkins/ptest-workdir/.m2/hiverepository/org/datanucleus/datanucleus-rdbms/4.1.19/datanucleus-rdbms-4.1.19.jar:/home/jenkins/ptest-workdir/.m2/hiverepository/org/datanucleus/javax.jdo/3.2.0-m3/javax.jdo-3.2.0-m3.jar:/home/jenkins/ptest-workdir/.m2/hiverepository/javax/transaction/transaction-api/1.1/transaction-api-1.1.jar:/home/jenkins/ptest-workdir/.m2/hiverepository/sqlline/sqlline/1.9.0/sqlline-1.9.0.jar:/home/jenkins/ptest-workdir/.m2/hiverepository/org/jline/jline-terminal/3.12.1/jline-terminal-3.12.1.jar:/home/jenkins/ptest-workdir/.m2/hiverepository/org/jline/jline-reader/3.12.1/jline-reader-3.12.1.jar:/home/jenkins/ptest-workdir/.m2/hiverepository/org/jline/jline-terminal-jansi/3.12.1/jline-terminal-jansi-3.12.1.jar:/home/jenkins/ptest-workdir/.m2/hiverepository/org/fusesource/jansi/jansi/1.18/jansi-1.18.jar:/home/jenkins/ptest-workdir/.m2/hiverepository/org/jline/jline-terminal-jna/3.12.1/jline-terminal-jna-3.12.1.jar:/home/jenkins/ptest-workdir/.m2/hiverepository/net/java/dev/jna/jna/5.3.1/jna-5.3.1.jar:/home/jenkins/ptest-workdir/.m2/hiverepository/org/jline/jline-builtins/3.12.1/jline-builtins-3.12.1.jar:/home/jenkins/ptest-workdir/.m2/hiverepository/org/jline/jline-style/3.12.1/jline-style-3.12.1.jar:/home/jenkins/ptest-workdir/.m2/hiverepository/com/cronutils/cron-utils/8.1.1/cron-utils-8.1.1.jar:/home/jenkins/ptest-workdir/.m2/hiverepository/org/apache/hive/hive-standalone-metastore-server/4.0.0-SNAPSHOT/hive-standalone-metastore-server-4.0.0-SNAPSHOT-tests.jar:/home/jenkins/ptest-workdir/.m2/hiverepository/org/apache/hive/hive-it-custom-serde/4.0.0-SNAPSHOT/hive-it-custom-serde-4.0.0-SNAPSHOT.jar:/home/jenkins/ptest-workdir/.m2/hiverepository/org/apache/hive/hive-it-unit/4.0.0-SNAPSHOT/hive-it-unit-4.0.0-SNAPSHOT-tests.jar:/home/jenkins/ptest-workdir/.m2/hiverepository/org/apache/hive/hive-jdbc/4.0.0-SNAPSHOT/hive-jdbc-4.0.0-SNAPSHOT.jar:/home/jenkins/ptest-workdir/.m2/hiverepository/org/apache/hive/hive-service/4.0.0-SNAPSHOT/hive-service-4.0.0-SNAPSHOT.jar:/home/jenkins/ptest-workdir/.m2/hiverepository/javax/servlet/jsp/javax.servlet.jsp-api/2.3.1/javax.servlet.jsp-api-2.3.1.jar:/home/jenkins/ptest-workdir/.m2/hiverepository/org/eclipse/jetty/jetty-runner/9.3.27.v20190418/jetty-runner-9.3.27.v20190418.jar:/home/jenkins/ptest-workdir/.m2/hiverepository/org/eclipse/jetty/jetty-plus/9.3.27.v20190418/jetty-plus-9.3.27.v20190418.jar:/home/jenkins/ptest-workdir/.m2/hiverepository/org/eclipse/jetty/jetty-annotations/9.3.27.v20190418/jetty-annotations-9.3.27.v20190418.jar:/home/jenkins/ptest-workdir/.m2/hiverepository/org/eclipse/jetty/jetty-jaas/9.3.27.v20190418/jetty-jaas-9.3.27.v20190418.jar:/home/jenkins/ptest-workdir/.m2/hiverepository/org/eclipse/jetty/websocket/websocket-server/9.3.27.v20190418/websocket-server-9.3.27.v20190418.jar:/home/jenkins/ptest-workdir/.m2/hiverepository/org/eclipse/jetty/websocket/websocket-common/9.3.27.v20190418/websocket-common-9.3.27.v20190418.jar:/home/jenkins/ptest-workdir/.m2/hiverepository/org/eclipse/jetty/websocket/websocket-api/9.3.27.v20190418/websocket-api-9.3.27.v20190418.jar:/home/jenkins/ptest-workdir/.m2/hiverepository/org/eclipse/jetty/websocket/websocket-client/9.3.27.v20190418/websocket-client-9.3.27.v20190418.jar:/home/jenkins/ptest-workdir/.m2/hiverepository/org/eclipse/jetty/websocket/websocket-servlet/9.3.27.v20190418/websocket-servlet-9.3.27.v20190418.jar:/home/jenkins/ptest-workdir/.m2/hiverepository/org/eclipse/jetty/jetty-jndi/9.3.27.v20190418/jetty-jndi-9.3.27.v20190418.jar:/home/jenkins/ptest-workdir/.m2/hiverepository/org/eclipse/jetty/apache-jsp/9.3.27.v20190418/apache-jsp-9.3.27.v20190418.jar:/home/jenkins/ptest-workdir/.m2/hiverepository/org/eclipse/jetty/toolchain/jetty-schemas/3.1/jetty-schemas-3.1.jar:/home/jenkins/ptest-workdir/.m2/hiverepository/org/eclipse/jdt/core/compiler/ecj/4.4.2/ecj-4.4.2.jar:/home/jenkins/ptest-workdir/.m2/hiverepository/org/eclipse/jetty/apache-jstl/9.3.27.v20190418/apache-jstl-9.3.27.v20190418.jar:/home/jenkins/ptest-workdir/.m2/hiverepository/org/apache/taglibs/taglibs-standard-spec/1.2.5/taglibs-standard-spec-1.2.5.jar:/home/jenkins/ptest-workdir/.m2/hiverepository/org/apache/taglibs/taglibs-standard-impl/1.2.5/taglibs-standard-impl-1.2.5.jar:/home/jenkins/ptest-workdir/.m2/hiverepository/org/apache/hive/hive-llap-ext-client/4.0.0-SNAPSHOT/hive-llap-ext-client-4.0.0-SNAPSHOT.jar:/home/jenkins/ptest-workdir/.m2/hiverepository/org/apache/hive/hcatalog/hive-hcatalog-core/4.0.0-SNAPSHOT/hive-hcatalog-core-4.0.0-SNAPSHOT.jar:/home/jenkins/ptest-workdir/.m2/hiverepository/org/apache/hive/hcatalog/hive-hcatalog-streaming/4.0.0-SNAPSHOT/hive-hcatalog-streaming-4.0.0-SNAPSHOT.jar:/home/jenkins/ptest-workdir/.m2/hiverepository/org/apache/hive/hive-streaming/4.0.0-SNAPSHOT/hive-streaming-4.0.0-SNAPSHOT.jar:/home/jenkins/ptest-workdir/.m2/hiverepository/org/apache/hive/hcatalog/hive-hcatalog-server-extensions/4.0.0-SNAPSHOT/hive-hcatalog-server-extensions-4.0.0-SNAPSHOT.jar:/home/jenkins/ptest-workdir/.m2/hiverepository/jakarta/jms/jakarta.jms-api/2.0.2/jakarta.jms-api-2.0.2.jar:/home/jenkins/ptest-workdir/.m2/hiverepository/org/apache/hive/hcatalog/hive-webhcat-java-client/4.0.0-SNAPSHOT/hive-webhcat-java-client-4.0.0-SNAPSHOT.jar:/home/jenkins/ptest-workdir/.m2/hiverepository/org/apache/hive/hive-service/4.0.0-SNAPSHOT/hive-service-4.0.0-SNAPSHOT-tests.jar:/home/jenkins/ptest-workdir/.m2/hiverepository/org/apache/hive/hive-it-util/4.0.0-SNAPSHOT/hive-it-util-4.0.0-SNAPSHOT.jar:/home/jenkins/ptest-workdir/.m2/hiverepository/org/apache/accumulo/accumulo-minicluster/1.7.3/accumulo-minicluster-1.7.3.jar:/home/jenkins/ptest-workdir/.m2/hiverepository/com/beust/jcommander/1.32/jcommander-1.32.jar:/home/jenkins/ptest-workdir/.m2/hiverepository/commons-configuration/commons-configuration/1.6/commons-configuration-1.6.jar:/home/jenkins/ptest-workdir/.m2/hiverepository/commons-digester/commons-digester/1.8/commons-digester-1.8.jar:/home/jenkins/ptest-workdir/.m2/hiverepository/org/apache/accumulo/accumulo-core/1.7.3/accumulo-core-1.7.3.jar:/home/jenkins/ptest-workdir/.m2/hiverepository/org/apache/commons/commons-math/2.1/commons-math-2.1.jar:/home/jenkins/ptest-workdir/.m2/hiverepository/org/apache/accumulo/accumulo-gc/1.7.3/accumulo-gc-1.7.3.jar:/home/jenkins/ptest-workdir/.m2/hiverepository/org/apache/accumulo/accumulo-master/1.7.3/accumulo-master-1.7.3.jar:/home/jenkins/ptest-workdir/.m2/hiverepository/org/apache/accumulo/accumulo-monitor/1.7.3/accumulo-monitor-1.7.3.jar:/home/jenkins/ptest-workdir/.m2/hiverepository/org/apache/accumulo/accumulo-shell/1.7.3/accumulo-shell-1.7.3.jar:/home/jenkins/ptest-workdir/.m2/hiverepository/org/apache/accumulo/accumulo-server-base/1.7.3/accumulo-server-base-1.7.3.jar:/home/jenkins/ptest-workdir/.m2/hiverepository/org/apache/accumulo/accumulo-start/1.7.3/accumulo-start-1.7.3.jar:/home/jenkins/ptest-workdir/.m2/hiverepository/org/apache/accumulo/accumulo-tracer/1.7.3/accumulo-tracer-1.7.3.jar:/home/jenkins/ptest-workdir/.m2/hiverepository/org/apache/accumulo/accumulo-tserver/1.7.3/accumulo-tserver-1.7.3.jar:/home/jenkins/ptest-workdir/.m2/hiverepository/org/apache/commons/commons-vfs2/2.1/commons-vfs2-2.1.jar:/home/jenkins/ptest-workdir/.m2/hiverepository/org/apache/hadoop/hadoop-minicluster/3.1.0/hadoop-minicluster-3.1.0.jar:/home/jenkins/ptest-workdir/.m2/hiverepository/org/apache/hive/hive-accumulo-handler/4.0.0-SNAPSHOT/hive-accumulo-handler-4.0.0-SNAPSHOT.jar:/home/jenkins/ptest-workdir/.m2/hiverepository/org/apache/accumulo/accumulo-fate/1.7.3/accumulo-fate-1.7.3.jar:/home/jenkins/ptest-workdir/.m2/hiverepository/org/apache/accumulo/accumulo-trace/1.7.3/accumulo-trace-1.7.3.jar:/home/jenkins/ptest-workdir/.m2/hiverepository/org/apache/hive/hive-udf/4.0.0-SNAPSHOT/hive-udf-4.0.0-SNAPSHOT.jar:/home/jenkins/ptest-workdir/.m2/hiverepository/org/apache/hive/hive-accumulo-handler/4.0.0-SNAPSHOT/hive-accumulo-handler-4.0.0-SNAPSHOT-tests.jar:/home/jenkins/ptest-workdir/.m2/hiverepository/org/apache/hive/hive-cli/4.0.0-SNAPSHOT/hive-cli-4.0.0-SNAPSHOT.jar:/home/jenkins/ptest-workdir/.m2/hiverepository/org/apache/hive/hive-beeline/4.0.0-SNAPSHOT/hive-beeline-4.0.0-SNAPSHOT.jar:/home/jenkins/ptest-workdir/.m2/hiverepository/net/sf/supercsv/super-csv/2.2.0/super-csv-2.2.0.jar:/home/jenkins/ptest-workdir/.m2/hiverepository/org/apache/hive/hive-hbase-handler/4.0.0-SNAPSHOT/hive-hbase-handler-4.0.0-SNAPSHOT.jar:/home/jenkins/ptest-workdir/.m2/hiverepository/org/apache/hive/hive-hbase-handler/4.0.0-SNAPSHOT/hive-hbase-handler-4.0.0-SNAPSHOT-tests.jar:/home/jenkins/ptest-workdir/.m2/hiverepository/org/apache/hive/hive-kudu-handler/4.0.0-SNAPSHOT/hive-kudu-handler-4.0.0-SNAPSHOT.jar:/home/jenkins/ptest-workdir/.m2/hiverepository/org/apache/kudu/kudu-client/1.10.0/kudu-client-1.10.0.jar:/home/jenkins/ptest-workdir/.m2/hiverepository/com/stumbleupon/async/1.4.1/async-1.4.1.jar:/home/jenkins/ptest-workdir/.m2/hiverepository/org/apache/hive/hive-kudu-handler/4.0.0-SNAPSHOT/hive-kudu-handler-4.0.0-SNAPSHOT-tests.jar:/home/jenkins/ptest-workdir/.m2/hiverepository/org/apache/hive/hive-metastore/4.0.0-SNAPSHOT/hive-metastore-4.0.0-SNAPSHOT.jar:/home/jenkins/ptest-workdir/.m2/hiverepository/co/cask/tephra/tephra-api/0.6.0/tephra-api-0.6.0.jar:/home/jenkins/ptest-workdir/.m2/hiverepository/co/cask/tephra/tephra-core/0.6.0/tephra-core-0.6.0.jar:/home/jenkins/ptest-workdir/.m2/hiverepository/com/google/inject/extensions/guice-assistedinject/3.0/guice-assistedinject-3.0.jar:/home/jenkins/ptest-workdir/.m2/hiverepository/org/apache/twill/twill-common/0.6.0-incubating/twill-common-0.6.0-incubating.jar:/home/jenkins/ptest-workdir/.m2/hiverepository/org/apache/twill/twill-core/0.6.0-incubating/twill-core-0.6.0-incubating.jar:/home/jenkins/ptest-workdir/.m2/hiverepository/org/apache/twill/twill-api/0.6.0-incubating/twill-api-0.6.0-incubating.jar:/home/jenkins/ptest-workdir/.m2/hiverepository/org/apache/twill/twill-discovery-api/0.6.0-incubating/twill-discovery-api-0.6.0-incubating.jar:/home/jenkins/ptest-workdir/.m2/hiverepository/org/apache/twill/twill-discovery-core/0.6.0-incubating/twill-discovery-core-0.6.0-incubating.jar:/home/jenkins/ptest-workdir/.m2/hiverepository/org/apache/twill/twill-zookeeper/0.6.0-incubating/twill-zookeeper-0.6.0-incubating.jar:/home/jenkins/ptest-workdir/.m2/hiverepository/co/cask/tephra/tephra-hbase-compat-1.0/0.6.0/tephra-hbase-compat-1.0-0.6.0.jar:/home/jenkins/ptest-workdir/.m2/hiverepository/org/apache/hbase/hbase-client/2.0.0-alpha4/hbase-client-2.0.0-alpha4.jar:/home/jenkins/ptest-workdir/.m2/hiverepository/org/jruby/jcodings/jcodings/1.0.18/jcodings-1.0.18.jar:/home/jenkins/ptest-workdir/.m2/hiverepository/org/jruby/joni/joni/2.1.11/joni-2.1.11.jar:/home/jenkins/ptest-workdir/.m2/hiverepository/org/apache/kudu/kudu-test-utils/1.10.0/kudu-test-utils-1.10.0.jar:/home/jenkins/ptest-workdir/.m2/hiverepository/org/hamcrest/hamcrest/2.1/hamcrest-2.1.jar:/home/jenkins/ptest-workdir/.m2/hiverepository/org/apache/hbase/hbase-mapreduce/2.0.0-alpha4/hbase-mapreduce-2.0.0-alpha4-tests.jar:/home/jenkins/ptest-workdir/.m2/hiverepository/org/apache/hive/hive-serde/4.0.0-SNAPSHOT/hive-serde-4.0.0-SNAPSHOT.jar:/home/jenkins/ptest-workdir/.m2/hiverepository/org/apache/hive/hive-service-rpc/4.0.0-SNAPSHOT/hive-service-rpc-4.0.0-SNAPSHOT.jar:/home/jenkins/ptest-workdir/.m2/hiverepository/com/google/code/findbugs/jsr305/3.0.0/jsr305-3.0.0.jar:/home/jenkins/ptest-workdir/.m2/hiverepository/org/apache/arrow/arrow-vector/0.10.0/arrow-vector-0.10.0.jar:/home/jenkins/ptest-workdir/.m2/hiverepository/org/apache/arrow/arrow-format/0.10.0/arrow-format-0.10.0.jar:/home/jenkins/ptest-workdir/.m2/hiverepository/org/apache/arrow/arrow-memory/0.10.0/arrow-memory-0.10.0.jar:/home/jenkins/ptest-workdir/.m2/hiverepository/com/vlkan/flatbuffers/1.2.0-3f79e055/flatbuffers-1.2.0-3f79e055.jar:/home/jenkins/ptest-workdir/.m2/hiverepository/com/carrotsearch/hppc/0.7.2/hppc-0.7.2.jar:/home/jenkins/ptest-workdir/.m2/hiverepository/com/github/davidmoten/flatbuffers-java/1.6.0.1/flatbuffers-java-1.6.0.1.jar:/home/jenkins/ptest-workdir/.m2/hiverepository/org/apache/avro/avro/1.8.2/avro-1.8.2.jar:/home/jenkins/ptest-workdir/.m2/hiverepository/org/codehaus/jackson/jackson-core-asl/1.9.13/jackson-core-asl-1.9.13.jar:/home/jenkins/ptest-workdir/.m2/hiverepository/org/codehaus/jackson/jackson-mapper-asl/1.9.13/jackson-mapper-asl-1.9.13.jar:/home/jenkins/ptest-workdir/.m2/hiverepository/com/thoughtworks/paranamer/paranamer/2.7/paranamer-2.7.jar:/home/jenkins/ptest-workdir/.m2/hiverepository/org/xerial/snappy/snappy-java/1.1.4/snappy-java-1.1.4.jar:/home/jenkins/ptest-workdir/.m2/hiverepository/org/tukaani/xz/1.5/xz-1.5.jar:/home/jenkins/ptest-workdir/.m2/hiverepository/net/sf/opencsv/opencsv/2.3/opencsv-2.3.jar:/home/jenkins/ptest-workdir/.m2/hiverepository/org/apache/parquet/parquet-hadoop-bundle/1.11.0/parquet-hadoop-bundle-1.11.0.jar:/home/jenkins/ptest-workdir/.m2/hiverepository/org/apache/hive/hive-exec/4.0.0-SNAPSHOT/hive-exec-4.0.0-SNAPSHOT.jar:/home/jenkins/ptest-workdir/.m2/hiverepository/org/apache/hive/hive-vector-code-gen/4.0.0-SNAPSHOT/hive-vector-code-gen-4.0.0-SNAPSHOT.jar:/home/jenkins/ptest-workdir/.m2/hiverepository/org/apache/velocity/velocity/1.5/velocity-1.5.jar:/home/jenkins/ptest-workdir/.m2/hiverepository/oro/oro/2.0.8/oro-2.0.8.jar:/home/jenkins/ptest-workdir/.m2/hiverepository/org/apache/hive/hive-parser/4.0.0-SNAPSHOT/hive-parser-4.0.0-SNAPSHOT.jar:/home/jenkins/ptest-workdir/.m2/hiverepository/org/apache/hive/hive-llap-tez/4.0.0-SNAPSHOT/hive-llap-tez-4.0.0-SNAPSHOT.jar:/home/jenkins/ptest-workdir/.m2/hiverepository/commons-io/commons-io/2.6/commons-io-2.6.jar:/home/jenkins/ptest-workdir/.m2/hiverepository/org/apache/commons/commons-text/1.8/commons-text-1.8.jar:/home/jenkins/ptest-workdir/.m2/hiverepository/org/apache/hadoop/hadoop-aws/3.1.0/hadoop-aws-3.1.0.jar:/home/jenkins/ptest-workdir/.m2/hiverepository/com/amazonaws/aws-java-sdk-bundle/1.11.271/aws-java-sdk-bundle-1.11.271.jar:/home/jenkins/ptest-workdir/.m2/hiverepository/org/apache/ivy/ivy/2.4.0/ivy-2.4.0.jar:/home/jenkins/ptest-workdir/.m2/hiverepository/org/codehaus/groovy/groovy-all/2.4.11/groovy-all-2.4.11.jar:/home/jenkins/ptest-workdir/.m2/hiverepository/com/google/code/gson/gson/2.2.4/gson-2.2.4.jar:/home/jenkins/ptest-workdir/.m2/hiverepository/stax/stax-api/1.0.1/stax-api-1.0.1.jar:/home/jenkins/ptest-workdir/.m2/hiverepository/org/reflections/reflections/0.9.10/reflections-0.9.10.jar:/home/jenkins/ptest-workdir/.m2/hiverepository/org/javassist/javassist/3.19.0-GA/javassist-3.19.0-GA.jar:/home/jenkins/ptest-workdir/.m2/hiverepository/com/jayway/jsonpath/json-path/2.4.0/json-path-2.4.0.jar:/home/jenkins/ptest-workdir/.m2/hiverepository/net/minidev/json-smart/2.3/json-smart-2.3.jar:/home/jenkins/ptest-workdir/.m2/hiverepository/net/minidev/accessors-smart/1.2/accessors-smart-1.2.jar:/home/jenkins/ptest-workdir/.m2/hiverepository/org/codehaus/janino/commons-compiler/3.0.11/commons-compiler-3.0.11.jar:/home/jenkins/ptest-workdir/.m2/hiverepository/org/codehaus/janino/janino/3.0.11/janino-3.0.11.jar:/home/jenkins/ptest-workdir/.m2/hiverepository/org/apache/hadoop/hadoop-yarn-registry/3.1.0/hadoop-yarn-registry-3.1.0.jar:/home/jenkins/ptest-workdir/.m2/hiverepository/org/apache/hadoop/hadoop-auth/3.1.0/hadoop-auth-3.1.0.jar:/home/jenkins/ptest-workdir/.m2/hiverepository/com/nimbusds/nimbus-jose-jwt/4.41.1/nimbus-jose-jwt-4.41.1.jar:/home/jenkins/ptest-workdir/.m2/hiverepository/com/github/stephenc/jcip/jcip-annotations/1.0-1/jcip-annotations-1.0-1.jar:/home/jenkins/ptest-workdir/.m2/hiverepository/org/apache/hadoop/hadoop-annotations/3.1.0/hadoop-annotations-3.1.0.jar:/home/jenkins/ptest-workdir/.m2/hiverepository/org/apache/curator/curator-client/4.2.0/curator-client-4.2.0.jar:/home/jenkins/ptest-workdir/.m2/hiverepository/commons-daemon/commons-daemon/1.0.13/commons-daemon-1.0.13.jar:/home/jenkins/ptest-workdir/.m2/hiverepository/commons-lang/commons-lang/2.6/commons-lang-2.6.jar:/home/jenkins/ptest-workdir/.m2/hiverepository/commons-net/commons-net/3.6/commons-net-3.6.jar:/home/jenkins/ptest-workdir/.m2/hiverepository/com/fasterxml/jackson/core/jackson-annotations/2.9.9/jackson-annotations-2.9.9.jar:/home/jenkins/ptest-workdir/.m2/hiverepository/com/fasterxml/jackson/core/jackson-core/2.9.9/jackson-core-2.9.9.jar:/home/jenkins/ptest-workdir/.m2/hiverepository/dnsjava/dnsjava/2.1.7/dnsjava-2.1.7.jar:/home/jenkins/ptest-workdir/.m2/hiverepository/org/apache/hive/hive-druid-handler/4.0.0-SNAPSHOT/hive-druid-handler-4.0.0-SNAPSHOT.jar:/home/jenkins/ptest-workdir/.m2/hiverepository/com/fasterxml/jackson/dataformat/jackson-dataformat-smile/2.9.9/jackson-dataformat-smile-2.9.9.jar:/home/jenkins/ptest-workdir/.m2/hiverepository/org/apache/hive/hive-druid-handler/4.0.0-SNAPSHOT/hive-druid-handler-4.0.0-SNAPSHOT-tests.jar:/home/jenkins/ptest-workdir/.m2/hiverepository/org/apache/hive/hive-jdbc-handler/4.0.0-SNAPSHOT/hive-jdbc-handler-4.0.0-SNAPSHOT.jar:/home/jenkins/ptest-workdir/.m2/hiverepository/org/apache/commons/commons-dbcp2/2.6.0/commons-dbcp2-2.6.0.jar:/home/jenkins/ptest-workdir/.m2/hiverepository/org/apache/commons/commons-pool2/2.6.1/commons-pool2-2.6.1.jar:/home/jenkins/ptest-workdir/.m2/hiverepository/org/apache/hive/kafka-handler/4.0.0-SNAPSHOT/kafka-handler-4.0.0-SNAPSHOT.jar:/home/jenkins/ptest-workdir/.m2/hiverepository/org/apache/hive/hive-exec/4.0.0-SNAPSHOT/hive-exec-4.0.0-SNAPSHOT-tests.jar:/home/jenkins/ptest-workdir/.m2/hiverepository/junit/junit/4.11/junit-4.11.jar:/home/jenkins/ptest-workdir/.m2/hiverepository/org/hamcrest/hamcrest-core/1.3/hamcrest-core-1.3.jar:/home/jenkins/ptest-workdir/.m2/hiverepository/com/sun/jersey/jersey-servlet/1.19/jersey-servlet-1.19.jar:/home/jenkins/ptest-workdir/.m2/hiverepository/com/sun/jersey/jersey-server/1.19/jersey-server-1.19.jar:/home/jenkins/ptest-workdir/.m2/hiverepository/org/apache/hadoop/hadoop-archives/3.1.0/hadoop-archives-3.1.0.jar:/home/jenkins/ptest-workdir/.m2/hiverepository/org/apache/hadoop/hadoop-common/3.1.0/hadoop-common-3.1.0.jar:/home/jenkins/ptest-workdir/.m2/hiverepository/org/apache/commons/commons-math3/3.1.1/commons-math3-3.1.1.jar:/home/jenkins/ptest-workdir/.m2/hiverepository/org/apache/httpcomponents/httpclient/4.5.6/httpclient-4.5.6.jar:/home/jenkins/ptest-workdir/.m2/hiverepository/commons-collections/commons-collections/3.2.2/commons-collections-3.2.2.jar:/home/jenkins/ptest-workdir/.m2/hiverepository/org/eclipse/jetty/jetty-util/9.3.27.v20190418/jetty-util-9.3.27.v20190418.jar:/home/jenkins/ptest-workdir/.m2/hiverepository/javax/servlet/jsp/jsp-api/2.1/jsp-api-2.1.jar:/home/jenkins/ptest-workdir/.m2/hiverepository/com/sun/jersey/jersey-core/1.19/jersey-core-1.19.jar:/home/jenkins/ptest-workdir/.m2/hiverepository/javax/ws/rs/jsr311-api/1.1.1/jsr311-api-1.1.1.jar:/home/jenkins/ptest-workdir/.m2/hiverepository/com/sun/jersey/jersey-json/1.19/jersey-json-1.19.jar:/home/jenkins/ptest-workdir/.m2/hiverepository/com/sun/xml/bind/jaxb-impl/2.2.3-1/jaxb-impl-2.2.3-1.jar:/home/jenkins/ptest-workdir/.m2/hiverepository/org/codehaus/jackson/jackson-jaxrs/1.9.2/jackson-jaxrs-1.9.2.jar:/home/jenkins/ptest-workdir/.m2/hiverepository/org/codehaus/jackson/jackson-xc/1.9.2/jackson-xc-1.9.2.jar:/home/jenkins/ptest-workdir/.m2/hiverepository/log4j/log4j/1.2.17/log4j-1.2.17.jar:/home/jenkins/ptest-workdir/.m2/hiverepository/commons-beanutils/commons-beanutils/1.9.3/commons-beanutils-1.9.3.jar:/home/jenkins/ptest-workdir/.m2/hiverepository/org/apache/commons/commons-configuration2/2.1.1/commons-configuration2-2.1.1.jar:/home/jenkins/ptest-workdir/.m2/hiverepository/com/google/re2j/re2j/1.2/re2j-1.2.jar:/home/jenkins/ptest-workdir/.m2/hiverepository/com/jcraft/jsch/0.1.54/jsch-0.1.54.jar:/home/jenkins/ptest-workdir/.m2/hiverepository/org/apache/htrace/htrace-core4/4.1.0-incubating/htrace-core4-4.1.0-incubating.jar:/home/jenkins/ptest-workdir/.m2/hiverepository/org/apache/kerby/kerb-simplekdc/1.0.1/kerb-simplekdc-1.0.1.jar:/home/jenkins/ptest-workdir/.m2/hiverepository/org/apache/kerby/kerb-client/1.0.1/kerb-client-1.0.1.jar:/home/jenkins/ptest-workdir/.m2/hiverepository/org/apache/kerby/kerby-config/1.0.1/kerby-config-1.0.1.jar:/home/jenkins/ptest-workdir/.m2/hiverepository/org/apache/kerby/kerb-core/1.0.1/kerb-core-1.0.1.jar:/home/jenkins/ptest-workdir/.m2/hiverepository/org/apache/kerby/kerby-pkix/1.0.1/kerby-pkix-1.0.1.jar:/home/jenkins/ptest-workdir/.m2/hiverepository/org/apache/kerby/kerby-asn1/1.0.1/kerby-asn1-1.0.1.jar:/home/jenkins/ptest-workdir/.m2/hiverepository/org/apache/kerby/kerby-util/1.0.1/kerby-util-1.0.1.jar:/home/jenkins/ptest-workdir/.m2/hiverepository/org/apache/kerby/kerb-common/1.0.1/kerb-common-1.0.1.jar:/home/jenkins/ptest-workdir/.m2/hiverepository/org/apache/kerby/kerb-crypto/1.0.1/kerb-crypto-1.0.1.jar:/home/jenkins/ptest-workdir/.m2/hiverepository/org/apache/kerby/kerb-util/1.0.1/kerb-util-1.0.1.jar:/home/jenkins/ptest-workdir/.m2/hiverepository/org/apache/kerby/token-provider/1.0.1/token-provider-1.0.1.jar:/home/jenkins/ptest-workdir/.m2/hiverepository/org/apache/kerby/kerb-admin/1.0.1/kerb-admin-1.0.1.jar:/home/jenkins/ptest-workdir/.m2/hiverepository/org/apache/kerby/kerb-server/1.0.1/kerb-server-1.0.1.jar:/home/jenkins/ptest-workdir/.m2/hiverepository/org/apache/kerby/kerb-identity/1.0.1/kerb-identity-1.0.1.jar:/home/jenkins/ptest-workdir/.m2/hiverepository/org/apache/kerby/kerby-xdr/1.0.1/kerby-xdr-1.0.1.jar:/home/jenkins/ptest-workdir/.m2/hiverepository/org/codehaus/woodstox/stax2-api/3.1.4/stax2-api-3.1.4.jar:/home/jenkins/ptest-workdir/.m2/hiverepository/com/fasterxml/woodstox/woodstox-core/5.0.3/woodstox-core-5.0.3.jar:/home/jenkins/ptest-workdir/.m2/hiverepository/org/apache/hadoop/hadoop-common/3.1.0/hadoop-common-3.1.0-tests.jar:/home/jenkins/ptest-workdir/.m2/hiverepository/org/apache/hadoop/hadoop-distcp/3.1.0/hadoop-distcp-3.1.0.jar:/home/jenkins/ptest-workdir/.m2/hiverepository/org/apache/hadoop/hadoop-hdfs/3.1.0/hadoop-hdfs-3.1.0-tests.jar:/home/jenkins/ptest-workdir/.m2/hiverepository/org/eclipse/jetty/jetty-util-ajax/9.3.19.v20170502/jetty-util-ajax-9.3.19.v20170502.jar:/home/jenkins/ptest-workdir/.m2/hiverepository/org/fusesource/leveldbjni/leveldbjni-all/1.8/leveldbjni-all-1.8.jar:/home/jenkins/ptest-workdir/.m2/hiverepository/org/apache/hadoop/hadoop-hdfs/3.1.0/hadoop-hdfs-3.1.0.jar:/home/jenkins/ptest-workdir/.m2/hiverepository/io/netty/netty-all/4.0.52.Final/netty-all-4.0.52.Final.jar:/home/jenkins/ptest-workdir/.m2/hiverepository/org/apache/hadoop/hadoop-mapreduce-client-jobclient/3.1.0/hadoop-mapreduce-client-jobclient-3.1.0-tests.jar:/home/jenkins/ptest-workdir/.m2/hiverepository/org/apache/hadoop/hadoop-mapreduce-client-common/3.1.0/hadoop-mapreduce-client-common-3.1.0.jar:/home/jenkins/ptest-workdir/.m2/hiverepository/com/google/inject/extensions/guice-servlet/4.0/guice-servlet-4.0.jar:/home/jenkins/ptest-workdir/.m2/hiverepository/org/apache/hadoop/hadoop-mapreduce-client-hs/3.1.0/hadoop-mapreduce-client-hs-3.1.0.jar:/home/jenkins/ptest-workdir/.m2/hiverepository/org/apache/hadoop/hadoop-hdfs-client/3.1.0/hadoop-hdfs-client-3.1.0.jar:/home/jenkins/ptest-workdir/.m2/hiverepository/com/squareup/okhttp/okhttp/2.7.5/okhttp-2.7.5.jar:/home/jenkins/ptest-workdir/.m2/hiverepository/com/squareup/okio/okio/1.6.0/okio-1.6.0.jar:/home/jenkins/ptest-workdir/.m2/hiverepository/org/apache/hadoop/hadoop-mapreduce-client-app/3.1.0/hadoop-mapreduce-client-app-3.1.0.jar:/home/jenkins/ptest-workdir/.m2/hiverepository/org/apache/hadoop/hadoop-mapreduce-client-shuffle/3.1.0/hadoop-mapreduce-client-shuffle-3.1.0.jar:/home/jenkins/ptest-workdir/.m2/hiverepository/org/apache/hadoop/hadoop-mapreduce-client-core/3.1.0/hadoop-mapreduce-client-core-3.1.0.jar:/home/jenkins/ptest-workdir/.m2/hiverepository/org/slf4j/slf4j-log4j12/1.7.25/slf4j-log4j12-1.7.25.jar:/home/jenkins/ptest-workdir/.m2/hiverepository/org/apache/hive/hive-llap-server/4.0.0-SNAPSHOT/hive-llap-server-4.0.0-SNAPSHOT.jar:/home/jenkins/ptest-workdir/.m2/hiverepository/org/apache/hive/hive-llap-common/4.0.0-SNAPSHOT/hive-llap-common-4.0.0-SNAPSHOT.jar:/home/jenkins/ptest-workdir/.m2/hiverepository/org/apache/hive/hive-llap-client/4.0.0-SNAPSHOT/hive-llap-client-4.0.0-SNAPSHOT.jar:/home/jenkins/ptest-workdir/.m2/hiverepository/org/codehaus/jettison/jettison/1.1/jettison-1.1.jar:/home/jenkins/ptest-workdir/.m2/hiverepository/org/apache/hive/hive-llap-common/4.0.0-SNAPSHOT/hive-llap-common-4.0.0-SNAPSHOT-tests.jar:/home/jenkins/ptest-workdir/.m2/hiverepository/org/apache/hive/hive-llap-server/4.0.0-SNAPSHOT/hive-llap-server-4.0.0-SNAPSHOT-tests.jar:/home/jenkins/ptest-workdir/.m2/hiverepository/org/apache/hadoop/hadoop-yarn-server-tests/3.1.0/hadoop-yarn-server-tests-3.1.0-tests.jar:/home/jenkins/ptest-workdir/.m2/hiverepository/org/apache/hadoop/hadoop-yarn-server-common/3.1.0/hadoop-yarn-server-common-3.1.0.jar:/home/jenkins/ptest-workdir/.m2/hiverepository/org/apache/geronimo/specs/geronimo-jcache_1.0_spec/1.0-alpha-1/geronimo-jcache_1.0_spec-1.0-alpha-1.jar:/home/jenkins/ptest-workdir/.m2/hiverepository/org/ehcache/ehcache/3.3.1/ehcache-3.3.1.jar:/home/jenkins/ptest-workdir/.m2/hiverepository/com/zaxxer/HikariCP-java7/2.4.12/HikariCP-java7-2.4.12.jar:/home/jenkins/ptest-workdir/.m2/hiverepository/com/microsoft/sqlserver/mssql-jdbc/6.2.1.jre7/mssql-jdbc-6.2.1.jre7.jar:/home/jenkins/ptest-workdir/.m2/hiverepository/org/apache/hadoop/hadoop-yarn-server-nodemanager/3.1.0/hadoop-yarn-server-nodemanager-3.1.0.jar:/home/jenkins/ptest-workdir/.m2/hiverepository/org/apache/hadoop/hadoop-yarn-server-resourcemanager/3.1.0/hadoop-yarn-server-resourcemanager-3.1.0.jar:/home/jenkins/ptest-workdir/.m2/hiverepository/org/apache/hadoop/hadoop-yarn-server-applicationhistoryservice/3.1.0/hadoop-yarn-server-applicationhistoryservice-3.1.0.jar:/home/jenkins/ptest-workdir/.m2/hiverepository/de/ruedigermoeller/fst/2.50/fst-2.50.jar:/home/jenkins/ptest-workdir/.m2/hiverepository/com/cedarsoftware/java-util/1.9.0/java-util-1.9.0.jar:/home/jenkins/ptest-workdir/.m2/hiverepository/com/cedarsoftware/json-io/2.5.1/json-io-2.5.1.jar:/home/jenkins/ptest-workdir/.m2/hiverepository/org/apache/hadoop/hadoop-yarn-server-timelineservice/3.1.0/hadoop-yarn-server-timelineservice-3.1.0.jar:/home/jenkins/ptest-workdir/.m2/hiverepository/org/apache/commons/commons-csv/1.0/commons-csv-1.0.jar:/home/jenkins/ptest-workdir/.m2/hiverepository/org/apache/hadoop/hadoop-yarn-client/3.1.0/hadoop-yarn-client-3.1.0.jar:/home/jenkins/ptest-workdir/.m2/hiverepository/org/apache/hadoop/hadoop-yarn-common/3.1.0/hadoop-yarn-common-3.1.0.jar:/home/jenkins/ptest-workdir/.m2/hiverepository/javax/xml/bind/jaxb-api/2.2.11/jaxb-api-2.2.11.jar:/home/jenkins/ptest-workdir/.m2/hiverepository/com/sun/jersey/jersey-client/1.19/jersey-client-1.19.jar:/home/jenkins/ptest-workdir/.m2/hiverepository/com/google/inject/guice/4.0/guice-4.0.jar:/home/jenkins/ptest-workdir/.m2/hiverepository/javax/inject/javax.inject/1/javax.inject-1.jar:/home/jenkins/ptest-workdir/.m2/hiverepository/aopalliance/aopalliance/1.0/aopalliance-1.0.jar:/home/jenkins/ptest-workdir/.m2/hiverepository/com/sun/jersey/contribs/jersey-guice/1.19/jersey-guice-1.19.jar:/home/jenkins/ptest-workdir/.m2/hiverepository/com/fasterxml/jackson/module/jackson-module-jaxb-annotations/2.9.9/jackson-module-jaxb-annotations-2.9.9.jar:/home/jenkins/ptest-workdir/.m2/hiverepository/com/fasterxml/jackson/jaxrs/jackson-jaxrs-json-provider/2.9.9/jackson-jaxrs-json-provider-2.9.9.jar:/home/jenkins/ptest-workdir/.m2/hiverepository/com/fasterxml/jackson/jaxrs/jackson-jaxrs-base/2.9.9/jackson-jaxrs-base-2.9.9.jar:/home/jenkins/ptest-workdir/.m2/hiverepository/org/apache/hadoop/hadoop-yarn-api/3.1.0/hadoop-yarn-api-3.1.0.jar:/home/jenkins/ptest-workdir/.m2/hiverepository/org/apache/hbase/hbase-common/2.0.0-alpha4/hbase-common-2.0.0-alpha4.jar:/home/jenkins/ptest-workdir/.m2/hiverepository/org/apache/hbase/thirdparty/hbase-shaded-miscellaneous/1.0.1/hbase-shaded-miscellaneous-1.0.1.jar:/home/jenkins/ptest-workdir/.m2/hiverepository/org/apache/commons/commons-collections4/4.1/commons-collections4-4.1.jar:/home/jenkins/ptest-workdir/.m2/hiverepository/org/apache/htrace/htrace-core/3.2.0-incubating/htrace-core-3.2.0-incubating.jar:/home/jenkins/ptest-workdir/.m2/hiverepository/org/apache/commons/commons-crypto/1.0.0/commons-crypto-1.0.0.jar:/home/jenkins/ptest-workdir/.m2/hiverepository/com/github/stephenc/findbugs/findbugs-annotations/1.3.9-1/findbugs-annotations-1.3.9-1.jar:/home/jenkins/ptest-workdir/.m2/hiverepository/org/apache/yetus/audience-annotations/0.5.0/audience-annotations-0.5.0.jar:/home/jenkins/ptest-workdir/.m2/hiverepository/org/apache/hbase/hbase-common/2.0.0-alpha4/hbase-common-2.0.0-alpha4-tests.jar:/home/jenkins/ptest-workdir/.m2/hiverepository/org/apache/hbase/hbase-hadoop-compat/2.0.0-alpha4/hbase-hadoop-compat-2.0.0-alpha4.jar:/home/jenkins/ptest-workdir/.m2/hiverepository/org/apache/hbase/hbase-metrics-api/2.0.0-alpha4/hbase-metrics-api-2.0.0-alpha4.jar:/home/jenkins/ptest-workdir/.m2/hiverepository/org/apache/hbase/hbase-hadoop-compat/2.0.0-alpha4/hbase-hadoop-compat-2.0.0-alpha4-tests.jar:/home/jenkins/ptest-workdir/.m2/hiverepository/org/apache/hbase/hbase-hadoop2-compat/2.0.0-alpha4/hbase-hadoop2-compat-2.0.0-alpha4.jar:/home/jenkins/ptest-workdir/.m2/hiverepository/org/apache/hbase/hbase-metrics/2.0.0-alpha4/hbase-metrics-2.0.0-alpha4.jar:/home/jenkins/ptest-workdir/.m2/hiverepository/org/apache/hbase/hbase-hadoop2-compat/2.0.0-alpha4/hbase-hadoop2-compat-2.0.0-alpha4-tests.jar:/home/jenkins/ptest-workdir/.m2/hiverepository/org/apache/hbase/hbase-server/2.0.0-alpha4/hbase-server-2.0.0-alpha4.jar:/home/jenkins/ptest-workdir/.m2/hiverepository/org/apache/hbase/thirdparty/hbase-shaded-protobuf/1.0.1/hbase-shaded-protobuf-1.0.1.jar:/home/jenkins/ptest-workdir/.m2/hiverepository/org/apache/hbase/thirdparty/hbase-shaded-netty/1.0.1/hbase-shaded-netty-1.0.1.jar:/home/jenkins/ptest-workdir/.m2/hiverepository/org/apache/hbase/hbase-http/2.0.0-alpha4/hbase-http-2.0.0-alpha4.jar:/home/jenkins/ptest-workdir/.m2/hiverepository/org/glassfish/jersey/core/jersey-server/2.25.1/jersey-server-2.25.1.jar:/home/jenkins/ptest-workdir/.m2/hiverepository/org/glassfish/jersey/core/jersey-common/2.25.1/jersey-common-2.25.1.jar:/home/jenkins/ptest-workdir/.m2/hiverepository/org/glassfish/jersey/bundles/repackaged/jersey-guava/2.25.1/jersey-guava-2.25.1.jar:/home/jenkins/ptest-workdir/.m2/hiverepository/org/glassfish/hk2/osgi-resource-locator/1.0.1/osgi-resource-locator-1.0.1.jar:/home/jenkins/ptest-workdir/.m2/hiverepository/org/glassfish/jersey/core/jersey-client/2.25.1/jersey-client-2.25.1.jar:/home/jenkins/ptest-workdir/.m2/hiverepository/org/glassfish/jersey/media/jersey-media-jaxb/2.25.1/jersey-media-jaxb-2.25.1.jar:/home/jenkins/ptest-workdir/.m2/hiverepository/javax/annotation/javax.annotation-api/1.2/javax.annotation-api-1.2.jar:/home/jenkins/ptest-workdir/.m2/hiverepository/org/glassfish/hk2/hk2-api/2.5.0-b32/hk2-api-2.5.0-b32.jar:/home/jenkins/ptest-workdir/.m2/hiverepository/org/glassfish/hk2/hk2-utils/2.5.0-b32/hk2-utils-2.5.0-b32.jar:/home/jenkins/ptest-workdir/.m2/hiverepository/org/glassfish/hk2/external/aopalliance-repackaged/2.5.0-b32/aopalliance-repackaged-2.5.0-b32.jar:/home/jenkins/ptest-workdir/.m2/hiverepository/org/glassfish/hk2/external/javax.inject/2.5.0-b32/javax.inject-2.5.0-b32.jar:/home/jenkins/ptest-workdir/.m2/hiverepository/org/glassfish/hk2/hk2-locator/2.5.0-b32/hk2-locator-2.5.0-b32.jar:/home/jenkins/ptest-workdir/.m2/hiverepository/javax/validation/validation-api/1.1.0.Final/validation-api-1.1.0.Final.jar:/home/jenkins/ptest-workdir/.m2/hiverepository/org/glassfish/jersey/containers/jersey-container-servlet-core/2.25.1/jersey-container-servlet-core-2.25.1.jar:/home/jenkins/ptest-workdir/.m2/hiverepository/org/apache/hbase/hbase-protocol/2.0.0-alpha4/hbase-protocol-2.0.0-alpha4.jar:/home/jenkins/ptest-workdir/.m2/hiverepository/org/apache/hbase/hbase-protocol-shaded/2.0.0-alpha4/hbase-protocol-shaded-2.0.0-alpha4.jar:/home/jenkins/ptest-workdir/.m2/hiverepository/org/apache/hbase/hbase-procedure/2.0.0-alpha4/hbase-procedure-2.0.0-alpha4.jar:/home/jenkins/ptest-workdir/.m2/hiverepository/org/apache/hbase/hbase-replication/2.0.0-alpha4/hbase-replication-2.0.0-alpha4.jar:/home/jenkins/ptest-workdir/.m2/hiverepository/org/apache/hbase/hbase-prefix-tree/2.0.0-alpha4/hbase-prefix-tree-2.0.0-alpha4.jar:/home/jenkins/ptest-workdir/.m2/hiverepository/org/jamon/jamon-runtime/2.3.1/jamon-runtime-2.3.1.jar:/home/jenkins/ptest-workdir/.m2/hiverepository/javax/ws/rs/javax.ws.rs-api/2.0.1/javax.ws.rs-api-2.0.1.jar:/home/jenkins/ptest-workdir/.m2/hiverepository/com/lmax/disruptor/3.3.6/disruptor-3.3.6.jar:/home/jenkins/ptest-workdir/.m2/hiverepository/org/apache/hadoop/hadoop-client/3.1.0/hadoop-client-3.1.0.jar:/home/jenkins/ptest-workdir/.m2/hiverepository/org/apache/hadoop/hadoop-mapreduce-client-jobclient/3.1.0/hadoop-mapreduce-client-jobclient-3.1.0.jar:/home/jenkins/ptest-workdir/.m2/hiverepository/org/apache/hbase/hbase-server/2.0.0-alpha4/hbase-server-2.0.0-alpha4-tests.jar:/home/jenkins/ptest-workdir/.m2/hiverepository/org/glassfish/web/javax.servlet.jsp/2.3.2/javax.servlet.jsp-2.3.2.jar:/home/jenkins/ptest-workdir/.m2/hiverepository/org/glassfish/javax.el/3.0.1-b11/javax.el-3.0.1-b11.jar:/home/jenkins/ptest-workdir/.m2/hiverepository/org/apache/hbase/hbase-mapreduce/2.0.0-alpha4/hbase-mapreduce-2.0.0-alpha4.jar:/home/jenkins/ptest-workdir/.m2/hiverepository/org/apache/tez/tez-tests/0.9.1/tez-tests-0.9.1-tests.jar:/home/jenkins/ptest-workdir/.m2/hiverepository/org/apache/tez/tez-common/0.9.1/tez-common-0.9.1.jar:/home/jenkins/ptest-workdir/.m2/hiverepository/org/apache/tez/tez-examples/0.9.1/tez-examples-0.9.1.jar:/usr/lib/jvm/java-8-openjdk-arm64/jre/../lib/tools.jar:/home/jenkins/ptest-workdir/.m2/hiverepository/org/apache/tez/tez-api/0.9.1/tez-api-0.9.1.jar:/home/jenkins/ptest-workdir/.m2/hiverepository/org/apache/tez/tez-runtime-library/0.9.1/tez-runtime-library-0.9.1.jar:/home/jenkins/ptest-workdir/.m2/hiverepository/org/roaringbitmap/RoaringBitmap/0.4.9/RoaringBitmap-0.4.9.jar:/home/jenkins/ptest-workdir/.m2/hiverepository/com/ning/async-http-client/1.8.16/async-http-client-1.8.16.jar:/home/jenkins/ptest-workdir/.m2/hiverepository/org/apache/tez/tez-mapreduce/0.9.1/tez-mapreduce-0.9.1.jar:/home/jenkins/ptest-workdir/.m2/hiverepository/org/apache/tez/tez-dag/0.9.1/tez-dag-0.9.1.jar:/home/jenkins/ptest-workdir/.m2/hiverepository/org/apache/tez/hadoop-shim/0.9.1/hadoop-shim-0.9.1.jar:/home/jenkins/ptest-workdir/.m2/hiverepository/org/apache/tez/tez-runtime-internals/0.9.1/tez-runtime-internals-0.9.1.jar:/home/jenkins/ptest-workdir/.m2/hiverepository/org/apache/hadoop/hadoop-yarn-server-web-proxy/3.1.0/hadoop-yarn-server-web-proxy-3.1.0.jar:/home/jenkins/ptest-workdir/.m2/hiverepository/org/mortbay/jetty/jetty/6.1.26/jetty-6.1.26.jar:/home/jenkins/ptest-workdir/.m2/hiverepository/org/mortbay/jetty/servlet-api/2.5-20081211/servlet-api-2.5-20081211.jar:/home/jenkins/ptest-workdir/.m2/hiverepository/org/mortbay/jetty/jetty-util/6.1.26/jetty-util-6.1.26.jar:/home/jenkins/ptest-workdir/.m2/hiverepository/javax/servlet/servlet-api/2.5/servlet-api-2.5.jar:/home/jenkins/ptest-workdir/.m2/hiverepository/org/apache/hive/hive-it-druid/4.0.0-SNAPSHOT/hive-it-druid-4.0.0-SNAPSHOT.jar:/home/jenkins/ptest-workdir/.m2/hiverepository/org/apache/druid/druid-server/0.14.0-incubating/druid-server-0.14.0-incubating.jar:/home/jenkins/ptest-workdir/.m2/hiverepository/org/apache/druid/druid-processing/0.14.0-incubating/druid-processing-0.14.0-incubating.jar:/home/jenkins/ptest-workdir/.m2/hiverepository/org/apache/druid/druid-hll/0.14.0-incubating/druid-hll-0.14.0-incubating.jar:/home/jenkins/ptest-workdir/.m2/hiverepository/org/apache/druid/extendedset/0.14.0-incubating/extendedset-0.14.0-incubating.jar:/home/jenkins/ptest-workdir/.m2/hiverepository/com/ning/compress-lzf/1.0.4/compress-lzf-1.0.4.jar:/home/jenkins/ptest-workdir/.m2/hiverepository/org/skife/config/config-magic/0.9/config-magic-0.9.jar:/home/jenkins/ptest-workdir/.m2/hiverepository/com/google/errorprone/error_prone_annotations/2.3.2/error_prone_annotations-2.3.2.jar:/home/jenkins/ptest-workdir/.m2/hiverepository/com/ibm/icu/icu4j/54.1.1/icu4j-54.1.1.jar:/home/jenkins/ptest-workdir/.m2/hiverepository/org/mozilla/rhino/1.7R5/rhino-1.7R5.jar:/home/jenkins/ptest-workdir/.m2/hiverepository/org/mapdb/mapdb/1.0.8/mapdb-1.0.8.jar:/home/jenkins/ptest-workdir/.m2/hiverepository/org/ow2/asm/asm/5.2/asm-5.2.jar:/home/jenkins/ptest-workdir/.m2/hiverepository/org/ow2/asm/asm-commons/5.2/asm-commons-5.2.jar:/home/jenkins/ptest-workdir/.m2/hiverepository/org/ow2/asm/asm-tree/5.2/asm-tree-5.2.jar:/home/jenkins/ptest-workdir/.m2/hiverepository/org/checkerframework/checker-qual/2.5.7/checker-qual-2.5.7.jar:/home/jenkins/ptest-workdir/.m2/hiverepository/org/apache/maven/maven-artifact/3.6.0/maven-artifact-3.6.0.jar:/home/jenkins/ptest-workdir/.m2/hiverepository/org/codehaus/plexus/plexus-utils/3.1.0/plexus-utils-3.1.0.jar:/home/jenkins/ptest-workdir/.m2/hiverepository/org/apache/druid/druid-aws-common/0.14.0-incubating/druid-aws-common-0.14.0-incubating.jar:/home/jenkins/ptest-workdir/.m2/hiverepository/com/amazonaws/aws-java-sdk-ec2/1.11.199/aws-java-sdk-ec2-1.11.199.jar:/home/jenkins/ptest-workdir/.m2/hiverepository/com/amazonaws/aws-java-sdk-core/1.11.199/aws-java-sdk-core-1.11.199.jar:/home/jenkins/ptest-workdir/.m2/hiverepository/software/amazon/ion/ion-java/1.0.2/ion-java-1.0.2.jar:/home/jenkins/ptest-workdir/.m2/hiverepository/com/fasterxml/jackson/dataformat/jackson-dataformat-cbor/2.6.7/jackson-dataformat-cbor-2.6.7.jar:/home/jenkins/ptest-workdir/.m2/hiverepository/com/amazonaws/jmespath-java/1.11.199/jmespath-java-1.11.199.jar:/home/jenkins/ptest-workdir/.m2/hiverepository/com/amazonaws/aws-java-sdk-s3/1.11.199/aws-java-sdk-s3-1.11.199.jar:/home/jenkins/ptest-workdir/.m2/hiverepository/com/amazonaws/aws-java-sdk-kms/1.11.199/aws-java-sdk-kms-1.11.199.jar:/home/jenkins/ptest-workdir/.m2/hiverepository/org/apache/druid/druid-console/0.14.0-incubating/druid-console-0.14.0-incubating.jar:/home/jenkins/ptest-workdir/.m2/hiverepository/org/apache/druid/druid-core/0.14.0-incubating/druid-core-0.14.0-incubating.jar:/home/jenkins/ptest-workdir/.m2/hiverepository/org/hibernate/hibernate-validator/5.1.3.Final/hibernate-validator-5.1.3.Final.jar:/home/jenkins/ptest-workdir/.m2/hiverepository/org/jboss/logging/jboss-logging/3.1.3.GA/jboss-logging-3.1.3.GA.jar:/home/jenkins/ptest-workdir/.m2/hiverepository/com/fasterxml/classmate/1.0.0/classmate-1.0.0.jar:/home/jenkins/ptest-workdir/.m2/hiverepository/javax/el/javax.el-api/3.0.0/javax.el-api-3.0.0.jar:/home/jenkins/ptest-workdir/.m2/hiverepository/com/fasterxml/jackson/datatype/jackson-datatype-guava/2.6.7/jackson-datatype-guava-2.6.7.jar:/home/jenkins/ptest-workdir/.m2/hiverepository/com/fasterxml/jackson/datatype/jackson-datatype-joda/2.6.7/jackson-datatype-joda-2.6.7.jar:/home/jenkins/ptest-workdir/.m2/hiverepository/com/google/inject/extensions/guice-multibindings/4.1.0/guice-multibindings-4.1.0.jar:/home/jenkins/ptest-workdir/.m2/hiverepository/org/jdbi/jdbi/2.63.1/jdbi-2.63.1.jar:/home/jenkins/ptest-workdir/.m2/hiverepository/org/apache/logging/log4j/log4j-jul/2.5/log4j-jul-2.5.jar:/home/jenkins/ptest-workdir/.m2/hiverepository/org/slf4j/jcl-over-slf4j/1.7.12/jcl-over-slf4j-1.7.12.jar:/home/jenkins/ptest-workdir/.m2/hiverepository/net/thisptr/jackson-jq/0.0.7/jackson-jq-0.0.7.jar:/home/jenkins/ptest-workdir/.m2/hiverepository/com/opencsv/opencsv/4.2/opencsv-4.2.jar:/home/jenkins/ptest-workdir/.m2/hiverepository/com/github/luben/zstd-jni/1.3.3-1/zstd-jni-1.3.3-1.jar:/home/jenkins/ptest-workdir/.m2/hiverepository/org/antlr/antlr4-runtime/4.5.1/antlr4-runtime-4.5.1.jar:/home/jenkins/ptest-workdir/.m2/hiverepository/org/asynchttpclient/async-http-client/2.5.3/async-http-client-2.5.3.jar:/home/jenkins/ptest-workdir/.m2/hiverepository/org/asynchttpclient/async-http-client-netty-utils/2.5.3/async-http-client-netty-utils-2.5.3.jar:/home/jenkins/ptest-workdir/.m2/hiverepository/org/reactivestreams/reactive-streams/1.0.2/reactive-streams-1.0.2.jar:/home/jenkins/ptest-workdir/.m2/hiverepository/com/typesafe/netty/netty-reactive-streams/2.0.0/netty-reactive-streams-2.0.0.jar:/home/jenkins/ptest-workdir/.m2/hiverepository/com/sun/activation/javax.activation/1.2.0/javax.activation-1.2.0.jar:/home/jenkins/ptest-workdir/.m2/hiverepository/org/hyperic/sigar/1.6.5.132/sigar-1.6.5.132.jar:/home/jenkins/ptest-workdir/.m2/hiverepository/org/gridkit/lab/jvm-attach-api/1.2/jvm-attach-api-1.2.jar:/home/jenkins/ptest-workdir/.m2/hiverepository/com/fasterxml/jackson/jaxrs/jackson-jaxrs-smile-provider/2.6.7/jackson-jaxrs-smile-provider-2.6.7.jar:/home/jenkins/ptest-workdir/.m2/hiverepository/io/tesla/aether/tesla-aether/0.0.5/tesla-aether-0.0.5.jar:/home/jenkins/ptest-workdir/.m2/hiverepository/org/eclipse/aether/aether-spi/0.9.0.M2/aether-spi-0.9.0.M2.jar:/home/jenkins/ptest-workdir/.m2/hiverepository/org/eclipse/aether/aether-util/0.9.0.M2/aether-util-0.9.0.M2.jar:/home/jenkins/ptest-workdir/.m2/hiverepository/org/eclipse/aether/aether-impl/0.9.0.M2/aether-impl-0.9.0.M2.jar:/home/jenkins/ptest-workdir/.m2/hiverepository/org/eclipse/aether/aether-connector-file/0.9.0.M2/aether-connector-file-0.9.0.M2.jar:/home/jenkins/ptest-workdir/.m2/hiverepository/io/tesla/aether/aether-connector-okhttp/0.0.9/aether-connector-okhttp-0.0.9.jar:/home/jenkins/ptest-workdir/.m2/hiverepository/org/apache/maven/wagon/wagon-provider-api/2.4/wagon-provider-api-2.4.jar:/home/jenkins/ptest-workdir/.m2/hiverepository/org/apache/maven/maven-aether-provider/3.1.1/maven-aether-provider-3.1.1.jar:/home/jenkins/ptest-workdir/.m2/hiverepository/org/apache/maven/maven-model/3.1.1/maven-model-3.1.1.jar:/home/jenkins/ptest-workdir/.m2/hiverepository/org/apache/maven/maven-model-builder/3.1.1/maven-model-builder-3.1.1.jar:/home/jenkins/ptest-workdir/.m2/hiverepository/org/apache/maven/maven-repository-metadata/3.1.1/maven-repository-metadata-3.1.1.jar:/home/jenkins/ptest-workdir/.m2/hiverepository/org/apache/maven/maven-settings-builder/3.1.1/maven-settings-builder-3.1.1.jar:/home/jenkins/ptest-workdir/.m2/hiverepository/org/codehaus/plexus/plexus-interpolation/1.19/plexus-interpolation-1.19.jar:/home/jenkins/ptest-workdir/.m2/hiverepository/org/apache/maven/maven-settings/3.1.1/maven-settings-3.1.1.jar:/home/jenkins/ptest-workdir/.m2/hiverepository/org/eclipse/aether/aether-api/0.9.0.M2/aether-api-0.9.0.M2.jar:/home/jenkins/ptest-workdir/.m2/hiverepository/net/spy/spymemcached/2.12.3/spymemcached-2.12.3.jar:/home/jenkins/ptest-workdir/.m2/hiverepository/org/lz4/lz4-java/1.5.0/lz4-java-1.5.0.jar:/home/jenkins/ptest-workdir/.m2/hiverepository/org/apache/derby/derbynet/10.11.1.1/derbynet-10.11.1.1.jar:/home/jenkins/ptest-workdir/.m2/hiverepository/org/apache/derby/derbyclient/10.11.1.1/derbyclient-10.11.1.1.jar:/home/jenkins/ptest-workdir/.m2/hiverepository/it/unimi/dsi/fastutil/8.1.0/fastutil-8.1.0.jar:/home/jenkins/ptest-workdir/.m2/hiverepository/com/github/ben-manes/caffeine/caffeine/2.5.5/caffeine-2.5.5.jar:/home/jenkins/ptest-workdir/.m2/hiverepository/org/apache/druid/druid-services/0.14.0-incubating/druid-services-0.14.0-incubating.jar:/home/jenkins/ptest-workdir/.m2/hiverepository/org/apache/druid/druid-indexing-hadoop/0.14.0-incubating/druid-indexing-hadoop-0.14.0-incubating.jar:/home/jenkins/ptest-workdir/.m2/hiverepository/org/apache/druid/druid-indexing-service/0.14.0-incubating/druid-indexing-service-0.14.0-incubating.jar:/home/jenkins/ptest-workdir/.m2/hiverepository/org/apache/druid/druid-sql/0.14.0-incubating/druid-sql-0.14.0-incubating.jar:/home/jenkins/ptest-workdir/.m2/hiverepository/org/apache/calcite/calcite-core/1.21.0/calcite-core-1.21.0.jar:/home/jenkins/ptest-workdir/.m2/hiverepository/com/esri/geometry/esri-geometry-api/2.2.0/esri-geometry-api-2.2.0.jar:/home/jenkins/ptest-workdir/.m2/hiverepository/com/fasterxml/jackson/dataformat/jackson-dataformat-yaml/2.9.9/jackson-dataformat-yaml-2.9.9.jar:/home/jenkins/ptest-workdir/.m2/hiverepository/org/yaml/snakeyaml/1.23/snakeyaml-1.23.jar:/home/jenkins/ptest-workdir/.m2/hiverepository/net/hydromatic/aggdesigner-algorithm/6.0/aggdesigner-algorithm-6.0.jar:/home/jenkins/ptest-workdir/.m2/hiverepository/org/apache/calcite/calcite-linq4j/1.21.0/calcite-linq4j-1.21.0.jar:/home/jenkins/ptest-workdir/.m2/hiverepository/org/apache/calcite/avatica/avatica-core/1.12.0/avatica-core-1.12.0.jar:/home/jenkins/ptest-workdir/.m2/hiverepository/org/apache/calcite/avatica/avatica-metrics/1.12.0/avatica-metrics-1.12.0.jar:/home/jenkins/ptest-workdir/.m2/hiverepository/org/apache/calcite/avatica/avatica-server/1.12.0/avatica-server-1.12.0.jar:/home/jenkins/ptest-workdir/.m2/hiverepository/io/airlift/airline/0.7/airline-0.7.jar:/home/jenkins/ptest-workdir/.m2/hiverepository/org/apache/druid/extensions/druid-hdfs-storage/0.14.0-incubating/druid-hdfs-storage-0.14.0-incubating.jar:/home/jenkins/ptest-workdir/.m2/hiverepository/org/apache/druid/extensions/druid-bloom-filter/0.14.0-incubating/druid-bloom-filter-0.14.0-incubating.jar:/home/jenkins/ptest-workdir/.m2/hiverepository/org/apache/druid/extensions/druid-kafka-indexing-service/0.14.0-incubating/druid-kafka-indexing-service-0.14.0-incubating.jar:/home/jenkins/ptest-workdir/.m2/hiverepository/org/apache/druid/extensions/druid-avro-extensions/0.14.0-incubating/druid-avro-extensions-0.14.0-incubating.jar:/home/jenkins/ptest-workdir/.m2/hiverepository/org/apache/avro/avro-mapred/1.8.2/avro-mapred-1.8.2-hadoop2.jar:/home/jenkins/ptest-workdir/.m2/hiverepository/org/apache/avro/avro-ipc/1.8.2/avro-ipc-1.8.2.jar:/home/jenkins/ptest-workdir/.m2/hiverepository/org/schemarepo/schema-repo-api/0.1.3/schema-repo-api-0.1.3.jar:/home/jenkins/ptest-workdir/.m2/hiverepository/org/schemarepo/schema-repo-common/0.1.3/schema-repo-common-0.1.3.jar:/home/jenkins/ptest-workdir/.m2/hiverepository/org/schemarepo/schema-repo-client/0.1.3/schema-repo-client-0.1.3.jar:/home/jenkins/ptest-workdir/.m2/hiverepository/org/schemarepo/schema-repo-avro/0.1.3/schema-repo-avro-0.1.3.jar:/home/jenkins/ptest-workdir/.m2/hiverepository/io/confluent/kafka-schema-registry-client/3.0.1/kafka-schema-registry-client-3.0.1.jar:/home/jenkins/ptest-workdir/.m2/hiverepository/org/apache/logging/log4j/log4j-api/2.12.1/log4j-api-2.12.1.jar:/home/jenkins/ptest-workdir/.m2/hiverepository/org/apache/curator/curator-x-discovery/4.0.0/curator-x-discovery-4.0.0.jar:/home/jenkins/ptest-workdir/.m2/hiverepository/org/eclipse/jetty/jetty-servlets/9.4.10.v20180503/jetty-servlets-9.4.10.v20180503.jar:/home/jenkins/ptest-workdir/.m2/hiverepository/org/eclipse/jetty/jetty-continuation/9.4.10.v20180503/jetty-continuation-9.4.10.v20180503.jar:/home/jenkins/ptest-workdir/.m2/hiverepository/org/eclipse/jetty/jetty-proxy/9.4.10.v20180503/jetty-proxy-9.4.10.v20180503.jar:/home/jenkins/ptest-workdir/.m2/hiverepository/org/eclipse/jetty/jetty-security/9.4.10.v20180503/jetty-security-9.4.10.v20180503.jar:/home/jenkins/ptest-workdir/.m2/hiverepository/org/apache/kafka/kafka_2.11/2.0.0/kafka_2.11-2.0.0.jar:/home/jenkins/ptest-workdir/.m2/hiverepository/net/sf/jopt-simple/jopt-simple/5.0.4/jopt-simple-5.0.4.jar:/home/jenkins/ptest-workdir/.m2/hiverepository/com/yammer/metrics/metrics-core/2.2.0/metrics-core-2.2.0.jar:/home/jenkins/ptest-workdir/.m2/hiverepository/org/scala-lang/scala-library/2.11.8/scala-library-2.11.8.jar:/home/jenkins/ptest-workdir/.m2/hiverepository/org/scala-lang/scala-reflect/2.11.12/scala-reflect-2.11.12.jar:/home/jenkins/ptest-workdir/.m2/hiverepository/com/typesafe/scala-logging/scala-logging_2.11/3.9.0/scala-logging_2.11-3.9.0.jar:/home/jenkins/ptest-workdir/.m2/hiverepository/com/101tec/zkclient/0.10/zkclient-0.10.jar:/home/jenkins/ptest-workdir/.m2/hiverepository/org/apache/kafka/kafka-clients/2.0.0/kafka-clients-2.0.0.jar:/home/jenkins/ptest-workdir/.m2/hiverepository/org/slf4j/slf4j-api/1.7.30/slf4j-api-1.7.30.jar:/home/jenkins/ptest-workdir/.m2/hiverepository/org/mariadb/jdbc/mariadb-java-client/2.5.0/mariadb-java-client-2.5.0.jar:/home/jenkins/ptest-workdir/.m2/hiverepository/org/postgresql/postgresql/9.3-1102-jdbc41/postgresql-9.3-1102-jdbc41.jar:/home/jenkins/ptest-workdir/.m2/hiverepository/io/netty/netty/3.10.5.Final/netty-3.10.5.Final.jar:/home/jenkins/ptest-workdir/.m2/hiverepository/org/mockito/mockito-core/3.3.3/mockito-core-3.3.3.jar:/home/jenkins/ptest-workdir/.m2/hiverepository/net/bytebuddy/byte-buddy/1.10.5/byte-buddy-1.10.5.jar:/home/jenkins/ptest-workdir/.m2/hiverepository/net/bytebuddy/byte-buddy-agent/1.10.5/byte-buddy-agent-1.10.5.jar:/home/jenkins/ptest-workdir/.m2/hiverepository/org/objenesis/objenesis/2.6/objenesis-2.6.jar:/home/jenkins/ptest-workdir/data/users/hivetests-jenkins/trunk-jenkins@192.168.1.221-0/itests/qtest/target/testconf:/home/jenkins/ptest-workdir/data/users/hivetests-jenkins/trunk-jenkins@192.168.1.221-0/itests/qtest/../../conf:"/>
    <property name="sun.cpu.endian" value="little"/>
    <property name="user.home" value="/home/jenkins"/>
    <property name="user.language" value="en"/>
    <property name="java.specification.vendor" value="Oracle Corporation"/>
    <property name="java.home" value="/usr/lib/jvm/java-8-openjdk-arm64/jre"/>
    <property name="java.security.krb5.conf" value="/home/jenkins/ptest-workdir/data/users/hivetests-jenkins/trunk-jenkins@192.168.1.221-0/itests/qtest/target/testconf/krb5.conf"/>
    <property name="file.separator" value="/"/>
    <property name="basedir" value="/home/jenkins/ptest-workdir/data/users/hivetests-jenkins/trunk-jenkins@192.168.1.221-0/itests/qtest"/>
    <property name="line.separator" value="&#10;"/>
    <property name="java.vm.specification.vendor" value="Oracle Corporation"/>
    <property name="java.specification.name" value="Java Platform API Specification"/>
    <property name="test.dfs.mkdir" value="-mkdir -p"/>
    <property name="derby.stream.error.file" value="/home/jenkins/ptest-workdir/data/users/hivetests-jenkins/trunk-jenkins@192.168.1.221-0/itests/qtest/target/tmp/derby.log"/>
    <property name="java.awt.graphicsenv" value="sun.awt.X11GraphicsEnvironment"/>
    <property name="surefire.real.class.path" value="/home/jenkins/ptest-workdir/data/users/hivetests-jenkins/trunk-jenkins@192.168.1.221-0/itests/qtest/target/surefire/surefirebooter1013936067930382666.jar"/>
    <property name="sun.boot.class.path" value="/usr/lib/jvm/java-8-openjdk-arm64/jre/lib/resources.jar:/usr/lib/jvm/java-8-openjdk-arm64/jre/lib/rt.jar:/usr/lib/jvm/java-8-openjdk-arm64/jre/lib/sunrsasign.jar:/usr/lib/jvm/java-8-openjdk-arm64/jre/lib/jsse.jar:/usr/lib/jvm/java-8-openjdk-arm64/jre/lib/jce.jar:/usr/lib/jvm/java-8-openjdk-arm64/jre/lib/charsets.jar:/usr/lib/jvm/java-8-openjdk-arm64/jre/lib/jfr.jar:/usr/lib/jvm/java-8-openjdk-arm64/jre/classes"/>
    <property name="hadoop.log.dir" value="/home/jenkins/ptest-workdir/data/users/hivetests-jenkins/trunk-jenkins@192.168.1.221-0/itests/qtest/target/tmp"/>
    <property name="log4j.debug" value="true"/>
    <property name="sun.management.compiler" value="HotSpot 64-Bit Tiered Compilers"/>
    <property name="spark.home" value=""/>
    <property name="java.runtime.version" value="1.8.0_242-8u242-b08-0ubuntu3~18.04-b08"/>
    <property name="user.name" value="jenkins"/>
    <property name="java.net.preferIPv4Stack" value="true"/>
    <property name="test.src.tables" value=""/>
    <property name="path.separator" value=":"/>
    <property name="os.version" value="4.15.0-88-generic"/>
    <property name="java.endorsed.dirs" value="/usr/lib/jvm/java-8-openjdk-arm64/jre/lib/endorsed"/>
    <property name="java.runtime.name" value="OpenJDK Runtime Environment"/>
    <property name="hive.test.console.log.level" value="OFF"/>
    <property name="file.encoding" value="UTF-8"/>
    <property name="java.vm.name" value="OpenJDK 64-Bit Server VM"/>
    <property name="qfile_regex" value=""/>
    <property name="hadoop.bin.path" value="/home/jenkins/ptest-workdir/data/users/hivetests-jenkins/trunk-jenkins@192.168.1.221-0/itests/qtest/../../testutils/hadoop"/>
    <property name="localRepository" value="/home/jenkins/ptest-workdir/.m2/hiverepository"/>
    <property name="build.dir" value="/home/jenkins/ptest-workdir/data/users/hivetests-jenkins/trunk-jenkins@192.168.1.221-0/itests/qtest/target"/>
    <property name="mapred.job.tracker" value="local"/>
    <property name="java.vendor.url.bug" value="http://bugreport.sun.com/bugreport/"/>
    <property name="java.io.tmpdir" value="/home/jenkins/ptest-workdir/data/users/hivetests-jenkins/trunk-jenkins@192.168.1.221-0/itests/qtest/target/tmp"/>
    <property name="maven.local.repository" value="/home/jenkins/ptest-workdir/.m2/hiverepository/"/>
    <property name="java.version" value="1.8.0_242"/>
    <property name="user.dir" value="/home/jenkins/ptest-workdir/data/users/hivetests-jenkins/trunk-jenkins@192.168.1.221-0/itests/qtest"/>
    <property name="os.arch" value="aarch64"/>
    <property name="hive.version" value="4.0.0-SNAPSHOT"/>
    <property name="java.vm.specification.name" value="Java Virtual Machine Specification"/>
    <property name="java.awt.printerjob" value="sun.print.PSPrinterJob"/>
    <property name="antlr.version" value="3.5.2"/>
    <property name="sun.os.patch.level" value="unknown"/>
    <property name="derby.version" value="10.14.1.0"/>
    <property name="test.data.dir" value="/home/jenkins/ptest-workdir/data/users/hivetests-jenkins/trunk-jenkins@192.168.1.221-0/itests/qtest/../../data/files"/>
    <property name="java.library.path" value="/usr/java/packages/lib/aarch64:/usr/lib/aarch64-linux-gnu/jni:/lib/aarch64-linux-gnu:/usr/lib/aarch64-linux-gnu:/usr/lib/jni:/lib:/usr/lib"/>
    <property name="java.vendor" value="Private Build"/>
    <property name="java.vm.info" value="mixed mode"/>
    <property name="java.vm.version" value="25.242-b08"/>
    <property name="sun.io.unicode.encoding" value="UnicodeLittle"/>
    <property name="java.ext.dirs" value="/usr/lib/jvm/java-8-openjdk-arm64/jre/lib/ext:/usr/java/packages/lib/ext"/>
    <property name="maven.repo.local" value="/home/jenkins/ptest-workdir/.m2/hiverepository/"/>
    <property name="initScript" value=""/>
    <property name="java.class.version" value="52.0"/>
    <property name="test.output.overwrite" value=""/>
    <property name="hive.root" value="/home/jenkins/ptest-workdir/data/users/hivetests-jenkins/trunk-jenkins@192.168.1.221-0/itests/qtest/../../"/>
  </properties>
  <testcase name="testCliDriver[authorization_9]" classname="org.apache.hadoop.hive.cli.TestCliDriver" time="5.192"/>
  <testcase name="testCliDriver[authorization_show_grant]" classname="org.apache.hadoop.hive.cli.TestCliDriver" time="1.805"/>
</testsuite>
